<?xml version="1.0" encoding="UTF-8" ?>
<testsuite errors="0" failures="0" hostname="victors-MacBook-Pro.local" name="sample.UtilsJUnit3Test" skipped="0" tests="3" time="1.213" timestamp="2019-04-09T13:21:45">
  <properties>
    <property name="libs.jsp-compiler.javadoc" value="" />
    <property name="netbeans.autoupdate.country" value="KE" />
    <property name="javac.test.classpath" value=":build/classes:/Applications/NetBeans/NetBeans 8.2.app/Contents/Resources/NetBeans/platform/modules/ext/junit-4.12.jar::/Applications/NetBeans/NetBeans 8.2.app/Contents/Resources/NetBeans/platform/modules/ext/hamcrest-core-1.3.jar" />
    <property name="libs.jsf20.maven-pom" value="" />
    <property name="libs.DataBindingME.src" value="/Applications/NetBeans/NetBeans 8.2.app/Contents/Resources/NetBeans/mobility/sources/netbeans_databindingme-src.zip" />
    <property name="libs.spring-webmvc4.0.src" value="" />
    <property name="ant.core.lib" value="/Applications/NetBeans/NetBeans 8.2.app/Contents/Resources/NetBeans/extide/ant/lib/ant.jar" />
    <property name="javadoc.windowtitle" value="" />
    <property name="libs.jsp-compilation.javadoc" value="" />
    <property name="user.dir" value="/Users/victorwilliam/Downloads/JUnitSampleSol" />
    <property name="libs.javaee-api-7.0.src" value="" />
    <property name="java.vm.version" value="25.192-b12" />
    <property name="libs.DataBindingME.classpath" value="/Applications/NetBeans/NetBeans 8.2.app/Contents/Resources/NetBeans/mobility/modules/ext/netbeans_databindingme.jar" />
    <property name="libs.j2me_common_ant.src" value="" />
    <property name="libs.MySQLDriver.classpath" value="/Applications/NetBeans/NetBeans 8.2.app/Contents/Resources/NetBeans/ide/modules/ext/mysql-connector-java-5.1.23-bin.jar" />
    <property name="libs.eclipselinkmodelgen.src" value="" />
    <property name="javadoc.notree" value="false" />
    <property name="netbeans.autoupdate.version" value="1.23" />
    <property name="libs.javaee-web-api-6.0.classpath" value="/Applications/NetBeans/NetBeans 8.2.app/Contents/Resources/NetBeans/enterprise/modules/ext/javaee-web-api-6.0.jar" />
    <property name="libs.DataBindingME-PIM.maven-pom" value="" />
    <property name="javac.profile.cmd.line.arg" value="" />
    <property name="jdk.home" value="/Library/Java/JavaVirtualMachines/jdk1.8.0_192.jdk/Contents/Home" />
    <property name="libs.javac-api.src" value="" />
    <property name="javadoc.noindex" value="false" />
    <property name="libs.jpa2-persistence.classpath" value="/Applications/NetBeans/NetBeans 8.2.app/Contents/Resources/NetBeans/java/modules/ext/hibernate4/hibernate-jpa-2.1-api-1.0.0.Final.jar" />
    <property name="sun.os.patch.level" value="unknown" />
    <property name="java.vm.specification.name" value="Java Virtual Machine Specification" />
    <property name="nb.show.statistics.ui" value="usageStatisticsEnabled" />
    <property name="netbeans.autoupdate.variant" value="" />
    <property name="have.tests" value="true" />
    <property name="org.xml.sax.driver" value="com.sun.org.apache.xerces.internal.jaxp.SAXParserImpl$JAXPSAXParser" />
    <property name="libs.hamcrest.classpath" value="/Applications/NetBeans/NetBeans 8.2.app/Contents/Resources/NetBeans/platform/modules/ext/hamcrest-core-1.3.jar" />
    <property name="libs.javac-api.javadoc" value="" />
    <property name="os.name" value="Mac OS X" />
    <property name="libs.beans-binding.classpath" value="/Applications/NetBeans/NetBeans 8.2.app/Contents/Resources/NetBeans/java/modules/ext/beansbinding-1.2.1.jar" />
    <property name="libs.javaee-endorsed-api-7.0.maven-pom" value="" />
    <property name="ap.proc.none.internal" value="" />
    <property name="libs.DataBindingME-SVG.javadoc" value="/Applications/NetBeans/NetBeans 8.2.app/Contents/Resources/NetBeans/mobility/modules/docs/netbeans_databindingme_svg-api.zip" />
    <property name="libs.restapi.javadoc" value="" />
    <property name="libs.JWSAntTasks.maven-pom" value="" />
    <property name="libs.jstl.classpath" value="/Applications/NetBeans/NetBeans 8.2.app/Contents/Resources/NetBeans/enterprise/modules/ext/jstl-impl.jar:/Applications/NetBeans/NetBeans 8.2.app/Contents/Resources/NetBeans/enterprise/modules/ext/jstl-api.jar" />
    <property name="libs.testng.src" value="" />
    <property name="libs.spring-webmvc3.0.src" value="" />
    <property name="libs.restapi.classpath" value="/Applications/NetBeans/NetBeans 8.2.app/Contents/Resources/NetBeans/enterprise/modules/ext/jaxrs-2.0/javax.ws.rs-api-2.0.jar" />
    <property name="java.vendor.url.bug" value="http://bugreport.sun.com/bugreport/" />
    <property name="libs.jaxb.maven-pom" value="" />
    <property name="os.arch" value="x86_64" />
    <property name="libs.eclipselink.src" value="" />
    <property name="user.name" value="victorwilliam" />
    <property name="libs.jsf12.javadoc" value="/Applications/NetBeans/NetBeans 8.2.app/Contents/Resources/NetBeans/enterprise/docs/javaee-doc-api.jar" />
    <property name="copylibs.rebase" value="true" />
    <property name="libs.j2me_common_ant.maven-pom" value="" />
    <property name="ant.file.JUnitSampleSol" value="/Users/victorwilliam/Downloads/JUnitSampleSol/build.xml" />
    <property name="libs.spring-webmvc3.0.maven-pom" value="" />
    <property name="libs.swing-layout.maven-pom" value="" />
    <property name="sun.java.command" value="org.apache.tools.ant.taskdefs.optional.junit.JUnitTestRunner sample.UtilsJUnit3Test skipNonTests=false filtertrace=true haltOnError=false haltOnFailure=false showoutput=true outputtoformatters=true logfailedtests=true threadid=0 logtestlistenerevents=true formatter=org.apache.tools.ant.taskdefs.optional.junit.BriefJUnitResultFormatter formatter=org.apache.tools.ant.taskdefs.optional.junit.XMLJUnitResultFormatter,/Users/victorwilliam/Downloads/JUnitSampleSol/build/test/results/TEST-sample.UtilsJUnit3Test.xml crashfile=/Users/victorwilliam/Downloads/JUnitSampleSol/build/junitvmwatcher8108021613510289005.properties propsfile=/Users/victorwilliam/Downloads/JUnitSampleSol/build/junit1912834939885748210.properties" />
    <property name="build.classes.dir" value="build/classes" />
    <property name="netbeans.accept_license_class" value="org.netbeans.license.AcceptLicense" />
    <property name="build.sysclasspath" value="ignore" />
    <property name="manifest.encoding" value="UTF-8" />
    <property name="ap.supported.internal" value="true" />
    <property name="java.failonerror" value="true" />
    <property name="libs.javaee-endorsed-api-7.0.javadoc" value="/Applications/NetBeans/NetBeans 8.2.app/Contents/Resources/NetBeans/enterprise/docs/javaee-doc-api.jar" />
    <property name="libs.jaxws21.javadoc" value="/Applications/NetBeans/NetBeans 8.2.app/Contents/Resources/NetBeans/java/docs/jaxws-api-doc.zip" />
    <property name="libs.spring-webmvc4.0.javadoc" value="" />
    <property name="includes" value="**" />
    <property name="user.country" value="KE" />
    <property name="addExports:java.desktop/sun.awt" value="ALL-UNNAMED" />
    <property name="javadoc.encoding" value="UTF-8" />
    <property name="javac.classpath" value="" />
    <property name="libs.jsp-compilation-syscp.src" value="" />
    <property name="libs.spring-framework400.classpath" value="/Applications/NetBeans/NetBeans 8.2.app/Contents/Resources/NetBeans/ide/modules/org-apache-commons-logging.jar:/Applications/NetBeans/NetBeans 8.2.app/Contents/Resources/NetBeans/java/modules/ext/cglib-2.2.jar:/Applications/NetBeans/NetBeans 8.2.app/Contents/Resources/NetBeans/java/modules/ext/spring-4/spring-aop-4.0.1.RELEASE.jar:/Applications/NetBeans/NetBeans 8.2.app/Contents/Resources/NetBeans/java/modules/ext/spring-4/spring-aspects-4.0.1.RELEASE.jar:/Applications/NetBeans/NetBeans 8.2.app/Contents/Resources/NetBeans/java/modules/ext/spring-4/spring-beans-4.0.1.RELEASE.jar:/Applications/NetBeans/NetBeans 8.2.app/Contents/Resources/NetBeans/java/modules/ext/spring-4/spring-build-src-4.0.1.RELEASE.jar:/Applications/NetBeans/NetBeans 8.2.app/Contents/Resources/NetBeans/java/modules/ext/spring-4/spring-context-4.0.1.RELEASE.jar:/Applications/NetBeans/NetBeans 8.2.app/Contents/Resources/NetBeans/java/modules/ext/spring-4/spring-context-support-4.0.1.RELEASE.jar:/Applications/NetBeans/NetBeans 8.2.app/Contents/Resources/NetBeans/java/modules/ext/spring-4/spring-core-4.0.1.RELEASE.jar:/Applications/NetBeans/NetBeans 8.2.app/Contents/Resources/NetBeans/java/modules/ext/spring-4/spring-expression-4.0.1.RELEASE.jar:/Applications/NetBeans/NetBeans 8.2.app/Contents/Resources/NetBeans/java/modules/ext/spring-4/spring-framework-bom-4.0.1.RELEASE.jar:/Applications/NetBeans/NetBeans 8.2.app/Contents/Resources/NetBeans/java/modules/ext/spring-4/spring-instrument-4.0.1.RELEASE.jar:/Applications/NetBeans/NetBeans 8.2.app/Contents/Resources/NetBeans/java/modules/ext/spring-4/spring-instrument-tomcat-4.0.1.RELEASE.jar:/Applications/NetBeans/NetBeans 8.2.app/Contents/Resources/NetBeans/java/modules/ext/spring-4/spring-jdbc-4.0.1.RELEASE.jar:/Applications/NetBeans/NetBeans 8.2.app/Contents/Resources/NetBeans/java/modules/ext/spring-4/spring-jms-4.0.1.RELEASE.jar:/Applications/NetBeans/NetBeans 8.2.app/Contents/Resources/NetBeans/java/modules/ext/spring-4/spring-messaging-4.0.1.RELEASE.jar:/Applications/NetBeans/NetBeans 8.2.app/Contents/Resources/NetBeans/java/modules/ext/spring-4/spring-orm-4.0.1.RELEASE.jar:/Applications/NetBeans/NetBeans 8.2.app/Contents/Resources/NetBeans/java/modules/ext/spring-4/spring-oxm-4.0.1.RELEASE.jar:/Applications/NetBeans/NetBeans 8.2.app/Contents/Resources/NetBeans/java/modules/ext/spring-4/spring-test-4.0.1.RELEASE.jar:/Applications/NetBeans/NetBeans 8.2.app/Contents/Resources/NetBeans/java/modules/ext/spring-4/spring-tx-4.0.1.RELEASE.jar:/Applications/NetBeans/NetBeans 8.2.app/Contents/Resources/NetBeans/java/modules/ext/spring-4/spring-web-4.0.1.RELEASE.jar:/Applications/NetBeans/NetBeans 8.2.app/Contents/Resources/NetBeans/java/modules/ext/spring-4/spring-webmvc-4.0.1.RELEASE.jar:/Applications/NetBeans/NetBeans 8.2.app/Contents/Resources/NetBeans/java/modules/ext/spring-4/spring-webmvc-portlet-4.0.1.RELEASE.jar:/Applications/NetBeans/NetBeans 8.2.app/Contents/Resources/NetBeans/java/modules/ext/spring-4/spring-websocket-4.0.1.RELEASE.jar" />
    <property name="debug-transport" value="dt_socket" />
    <property name="netbeans.home" value="/Applications/NetBeans/NetBeans 8.2.app/Contents/Resources/NetBeans/platform" />
    <property name="build.compiler.emacs" value="true" />
    <property name="libs.javaee-web-api-6.0.src" value="" />
    <property name="libs.jsp-compilation-syscp.classpath" value="/Applications/NetBeans/NetBeans 8.2.app/Contents/Resources/NetBeans/extide/ant/lib/ant.jar:/Applications/NetBeans/NetBeans 8.2.app/Contents/Resources/NetBeans/enterprise/modules/ext/servlet3.1-jsp2.3-api.jar:/Applications/NetBeans/NetBeans 8.2.app/Contents/Resources/NetBeans/enterprise/modules/ext/glassfish-jspparser-4.0.jar:/Applications/NetBeans/NetBeans 8.2.app/Contents/Resources/NetBeans/enterprise/modules/ext/jstl-impl.jar:/Applications/NetBeans/NetBeans 8.2.app/Contents/Resources/NetBeans/enterprise/modules/ext/jsf-2_2/javax.faces.jar" />
    <property name="nu.validator.checker.imageCandidateString.hasWidth" value="0" />
    <property name="java.endorsed.dirs" value="/Library/Java/JavaVirtualMachines/jdk1.8.0_192.jdk/Contents/Home/jre/lib/endorsed" />
    <property name="libs.groovy-all.src" value="" />
    <property name="addExports:java.desktop/com.apple.eawt" value="ALL-UNNAMED" />
    <property name="netbeans.dynamic.classpath" value="/Applications/NetBeans/NetBeans 8.2.app/Contents/Resources/NetBeans/platform/core/org-netbeans-libs-asm.jar:/Applications/NetBeans/NetBeans 8.2.app/Contents/Resources/NetBeans/platform/core/org-openide-filesystems-compat8.jar:/Applications/NetBeans/NetBeans 8.2.app/Contents/Resources/NetBeans/platform/core/asm-all-5.0.1.jar:/Applications/NetBeans/NetBeans 8.2.app/Contents/Resources/NetBeans/platform/core/org-openide-filesystems.jar:/Applications/NetBeans/NetBeans 8.2.app/Contents/Resources/NetBeans/platform/core/core.jar:/Applications/NetBeans/NetBeans 8.2.app/Contents/Resources/NetBeans/platform/core/core-base.jar:/Applications/NetBeans/NetBeans 8.2.app/Contents/Resources/NetBeans/platform/core/locale/core_pt_BR.jar:/Applications/NetBeans/NetBeans 8.2.app/Contents/Resources/NetBeans/platform/core/locale/org-netbeans-libs-asm_pt_BR.jar:/Applications/NetBeans/NetBeans 8.2.app/Contents/Resources/NetBeans/platform/core/locale/core-base_zh_CN.jar:/Applications/NetBeans/NetBeans 8.2.app/Contents/Resources/NetBeans/platform/core/locale/core-base_ru.jar:/Applications/NetBeans/NetBeans 8.2.app/Contents/Resources/NetBeans/platform/core/locale/core_ru.jar:/Applications/NetBeans/NetBeans 8.2.app/Contents/Resources/NetBeans/platform/core/locale/core_ja.jar:/Applications/NetBeans/NetBeans 8.2.app/Contents/Resources/NetBeans/platform/core/locale/org-openide-filesystems-compat8_zh_CN.jar:/Applications/NetBeans/NetBeans 8.2.app/Contents/Resources/NetBeans/platform/core/locale/org-openide-filesystems_pt_BR.jar:/Applications/NetBeans/NetBeans 8.2.app/Contents/Resources/NetBeans/platform/core/locale/core-base_ja.jar:/Applications/NetBeans/NetBeans 8.2.app/Contents/Resources/NetBeans/platform/core/locale/org-openide-filesystems_ja.jar:/Applications/NetBeans/NetBeans 8.2.app/Contents/Resources/NetBeans/platform/core/locale/org-openide-filesystems-compat8_ru.jar:/Applications/NetBeans/NetBeans 8.2.app/Contents/Resources/NetBeans/platform/core/locale/org-openide-filesystems-compat8_ja.jar:/Applications/NetBeans/NetBeans 8.2.app/Contents/Resources/NetBeans/platform/core/locale/org-openide-filesystems_ru.jar:/Applications/NetBeans/NetBeans 8.2.app/Contents/Resources/NetBeans/platform/core/locale/org-openide-filesystems-compat8_pt_BR.jar:/Applications/NetBeans/NetBeans 8.2.app/Contents/Resources/NetBeans/platform/core/locale/org-openide-filesystems_zh_CN.jar:/Applications/NetBeans/NetBeans 8.2.app/Contents/Resources/NetBeans/platform/core/locale/core_zh_CN.jar:/Applications/NetBeans/NetBeans 8.2.app/Contents/Resources/NetBeans/platform/core/locale/org-netbeans-libs-asm_ru.jar:/Applications/NetBeans/NetBeans 8.2.app/Contents/Resources/NetBeans/platform/core/locale/org-netbeans-libs-asm_ja.jar:/Applications/NetBeans/NetBeans 8.2.app/Contents/Resources/NetBeans/platform/core/locale/core-base_pt_BR.jar:/Applications/NetBeans/NetBeans 8.2.app/Contents/Resources/NetBeans/platform/core/locale/org-netbeans-libs-asm_zh_CN.jar:/Applications/NetBeans/NetBeans 8.2.app/Contents/Resources/NetBeans/nb/core/org-netbeans-upgrader.jar:/Applications/NetBeans/NetBeans 8.2.app/Contents/Resources/NetBeans/nb/core/locale/core_nb_zh_CN.jar:/Applications/NetBeans/NetBeans 8.2.app/Contents/Resources/NetBeans/nb/core/locale/org-netbeans-upgrader_ja.jar:/Applications/NetBeans/NetBeans 8.2.app/Contents/Resources/NetBeans/nb/core/locale/org-netbeans-upgrader_ru.jar:/Applications/NetBeans/NetBeans 8.2.app/Contents/Resources/NetBeans/nb/core/locale/org-netbeans-upgrader_pt_BR.jar:/Applications/NetBeans/NetBeans 8.2.app/Contents/Resources/NetBeans/nb/core/locale/org-netbeans-upgrader_zh_CN.jar:/Applications/NetBeans/NetBeans 8.2.app/Contents/Resources/NetBeans/nb/core/locale/core_nb_pt_BR.jar:/Applications/NetBeans/NetBeans 8.2.app/Contents/Resources/NetBeans/nb/core/locale/core_nb_ru.jar:/Applications/NetBeans/NetBeans 8.2.app/Contents/Resources/NetBeans/nb/core/locale/core_nb.jar:/Applications/NetBeans/NetBeans 8.2.app/Contents/Resources/NetBeans/nb/core/locale/core_nb_ja.jar" />
    <property name="java.vm.specification.version" value="1.8" />
    <property name="libs.hibernate4-support.src" value="" />
    <property name="ant.file.JUnitSampleSol-impl" value="/Users/victorwilliam/Downloads/JUnitSampleSol/nbproject/build-impl.xml" />
    <property name="libs.primefaces.classpath" value="/Applications/NetBeans/NetBeans 8.2.app/Contents/Resources/NetBeans/enterprise/modules/ext/primefaces/primefaces-5.0.jar" />
    <property name="libs.javaee-api-6.0.classpath" value="/Applications/NetBeans/NetBeans 8.2.app/Contents/Resources/NetBeans/enterprise/modules/ext/javaee-api-6.0.jar" />
    <property name="libs.groovy-all.maven-pom" value="" />
    <property name="ftp.nonProxyHosts" value="local|*.local|169.254/16|*.169.254/16" />
    <property name="netbeans.productversion" value="NetBeans IDE 8.2 (Build 201609300101)" />
    <property name="libs.jaxws21.src" value="" />
    <property name="do.archive" value="true" />
    <property name="netbeans.autoupdate.language" value="en" />
    <property name="java.vendor" value="Oracle Corporation" />
    <property name="libs.javaee-api-6.0.javadoc" value="/Applications/NetBeans/NetBeans 8.2.app/Contents/Resources/NetBeans/enterprise/docs/javaee-doc-api.jar" />
    <property name="sun.font.fontmanager" value="sun.font.CFontManager" />
    <property name="jar.index.metainf" value="false" />
    <property name="javac.debug" value="true" />
    <property name="javadoc.splitindex" value="true" />
    <property name="file.separator" value="/" />
    <property name="libs.junit_4.maven-pom" value="" />
    <property name="javac.test.processorpath" value=":build/classes:/Applications/NetBeans/NetBeans 8.2.app/Contents/Resources/NetBeans/platform/modules/ext/junit-4.12.jar::/Applications/NetBeans/NetBeans 8.2.app/Contents/Resources/NetBeans/platform/modules/ext/hamcrest-core-1.3.jar" />
    <property name="netbeans.buildnumber" value="201609300101" />
    <property name="libs.JWSAntTasks.javadoc" value="" />
    <property name="build.generated.sources.dir" value="build/generated-sources" />
    <property name="libs.eclipselinkmodelgen.classpath" value="/Applications/NetBeans/NetBeans 8.2.app/Contents/Resources/NetBeans/java/modules/ext/eclipselink/org.eclipse.persistence.jpa.modelgen_2.5.2.v20140319-9ad6abd.jar" />
    <property name="libs.javaee-endorsed-api-7.0.src" value="" />
    <property name="sun.java.launcher" value="SUN_STANDARD" />
    <property name="libs.hibernate4-persistencemodelgen.javadoc" value="" />
    <property name="libs.jaxb.javadoc" value="/Applications/NetBeans/NetBeans 8.2.app/Contents/Resources/NetBeans/ide/docs/jaxb-api-doc.zip" />
    <property name="libs.struts.classpath" value="/Applications/NetBeans/NetBeans 8.2.app/Contents/Resources/NetBeans/enterprise/modules/ext/struts/antlr-2.7.2.jar:/Applications/NetBeans/NetBeans 8.2.app/Contents/Resources/NetBeans/enterprise/modules/ext/struts/bsf-2.3.0.jar:/Applications/NetBeans/NetBeans 8.2.app/Contents/Resources/NetBeans/enterprise/modules/ext/struts/commons-beanutils-1.8.0.jar:/Applications/NetBeans/NetBeans 8.2.app/Contents/Resources/NetBeans/enterprise/modules/ext/struts/commons-chain-1.2.jar:/Applications/NetBeans/NetBeans 8.2.app/Contents/Resources/NetBeans/enterprise/modules/ext/struts/commons-digester-1.8.jar:/Applications/NetBeans/NetBeans 8.2.app/Contents/Resources/NetBeans/enterprise/modules/ext/struts/commons-fileupload-1.1.1.jar:/Applications/NetBeans/NetBeans 8.2.app/Contents/Resources/NetBeans/enterprise/modules/ext/struts/commons-io-1.1.jar:/Applications/NetBeans/NetBeans 8.2.app/Contents/Resources/NetBeans/enterprise/modules/ext/struts/commons-logging-1.0.4.jar:/Applications/NetBeans/NetBeans 8.2.app/Contents/Resources/NetBeans/enterprise/modules/ext/struts/commons-validator-1.3.1.jar:/Applications/NetBeans/NetBeans 8.2.app/Contents/Resources/NetBeans/enterprise/modules/ext/struts/jstl-1.0.2.jar:/Applications/NetBeans/NetBeans 8.2.app/Contents/Resources/NetBeans/enterprise/modules/ext/struts/oro-2.0.8.jar:/Applications/NetBeans/NetBeans 8.2.app/Contents/Resources/NetBeans/enterprise/modules/ext/struts/standard-1.0.6.jar:/Applications/NetBeans/NetBeans 8.2.app/Contents/Resources/NetBeans/enterprise/modules/ext/struts/struts-core-1.3.10.jar:/Applications/NetBeans/NetBeans 8.2.app/Contents/Resources/NetBeans/enterprise/modules/ext/struts/struts-el-1.3.10.jar:/Applications/NetBeans/NetBeans 8.2.app/Contents/Resources/NetBeans/enterprise/modules/ext/struts/struts-extras-1.3.10.jar:/Applications/NetBeans/NetBeans 8.2.app/Contents/Resources/NetBeans/enterprise/modules/ext/struts/struts-faces-1.3.10.jar:/Applications/NetBeans/NetBeans 8.2.app/Contents/Resources/NetBeans/enterprise/modules/ext/struts/struts-mailreader-dao-1.3.10.jar:/Applications/NetBeans/NetBeans 8.2.app/Contents/Resources/NetBeans/enterprise/modules/ext/struts/struts-scripting-1.3.10.jar:/Applications/NetBeans/NetBeans 8.2.app/Contents/Resources/NetBeans/enterprise/modules/ext/struts/struts-taglib-1.3.10.jar:/Applications/NetBeans/NetBeans 8.2.app/Contents/Resources/NetBeans/enterprise/modules/ext/struts/struts-tiles-1.3.10.jar" />
    <property name="ant.home" value="/Applications/NetBeans/NetBeans 8.2.app/Contents/Resources/NetBeans/extide/ant" />
    <property name="libs.junit_4.src" value="/Applications/NetBeans/NetBeans 8.2.app/Contents/Resources/NetBeans/platform/docs/junit-4.12-sources.jar" />
    <property name="libs.testng.classpath" value="/Applications/NetBeans/NetBeans 8.2.app/Contents/Resources/NetBeans/platform/modules/ext/testng-6.8.1-dist.jar" />
    <property name="libs.absolutelayout.maven-pom" value="" />
    <property name="ant.java.version" value="1.8" />
    <property name="java.library.path" value="/Users/victorwilliam/Library/Java/Extensions:/Library/Java/Extensions:/Network/Library/Java/Extensions:/System/Library/Java/Extensions:/usr/lib/java:." />
    <property name="javadoc.author" value="false" />
    <property name="libs.metro.maven-pom" value="" />
    <property name="java.util.logging.config.class" value="org.netbeans.core.startup.TopLogging" />
    <property name="libs.spring-framework400.src" value="" />
    <property name="libs.PostgreSQLDriver.src" value="" />
    <property name="sun.arch.data.model" value="64" />
    <property name="basedir" value="/Users/victorwilliam/Downloads/JUnitSampleSol" />
    <property name="libs.jpa20-persistence.maven-pom" value="" />
    <property name="jar.compress" value="false" />
    <property name="libs.javaee-web-api-7.0.classpath" value="/Applications/NetBeans/NetBeans 8.2.app/Contents/Resources/NetBeans/enterprise/modules/ext/javaee-web-api-7.0.jar" />
    <property name="path.separator" value=":" />
    <property name="libs.javaee-web-api-6.0.javadoc" value="/Applications/NetBeans/NetBeans 8.2.app/Contents/Resources/NetBeans/enterprise/docs/javaee-doc-api.jar" />
    <property name="ant.junit.enabletestlistenerevents" value="true" />
    <property name="sun.io.unicode.encoding" value="UnicodeBig" />
    <property name="libs.jaxws21.classpath" value="/Applications/NetBeans/NetBeans 8.2.app/Contents/Resources/NetBeans/ide/modules/ext/jaxb/jaxb-impl.jar:/Applications/NetBeans/NetBeans 8.2.app/Contents/Resources/NetBeans/ide/modules/ext/jaxb/jaxb-xjc.jar:/Applications/NetBeans/NetBeans 8.2.app/Contents/Resources/NetBeans/java/modules/ext/jaxws22/FastInfoset.jar:/Applications/NetBeans/NetBeans 8.2.app/Contents/Resources/NetBeans/java/modules/ext/jaxws22/gmbal-api-only.jar:/Applications/NetBeans/NetBeans 8.2.app/Contents/Resources/NetBeans/java/modules/ext/jaxws22/ha-api.jar:/Applications/NetBeans/NetBeans 8.2.app/Contents/Resources/NetBeans/java/modules/ext/jaxws22/javax.mail_1.4.jar:/Applications/NetBeans/NetBeans 8.2.app/Contents/Resources/NetBeans/java/modules/ext/jaxws22/jaxws-rt.jar:/Applications/NetBeans/NetBeans 8.2.app/Contents/Resources/NetBeans/java/modules/ext/jaxws22/jaxws-tools.jar:/Applications/NetBeans/NetBeans 8.2.app/Contents/Resources/NetBeans/java/modules/ext/jaxws22/management-api.jar:/Applications/NetBeans/NetBeans 8.2.app/Contents/Resources/NetBeans/java/modules/ext/jaxws22/mimepull.jar:/Applications/NetBeans/NetBeans 8.2.app/Contents/Resources/NetBeans/java/modules/ext/jaxws22/policy.jar:/Applications/NetBeans/NetBeans 8.2.app/Contents/Resources/NetBeans/java/modules/ext/jaxws22/saaj-impl.jar:/Applications/NetBeans/NetBeans 8.2.app/Contents/Resources/NetBeans/java/modules/ext/jaxws22/stax-ex.jar:/Applications/NetBeans/NetBeans 8.2.app/Contents/Resources/NetBeans/java/modules/ext/jaxws22/stax2-api.jar:/Applications/NetBeans/NetBeans 8.2.app/Contents/Resources/NetBeans/java/modules/ext/jaxws22/streambuffer.jar:/Applications/NetBeans/NetBeans 8.2.app/Contents/Resources/NetBeans/java/modules/ext/jaxws22/woodstox-core-asl.jar:/Applications/NetBeans/NetBeans 8.2.app/Contents/Resources/NetBeans/java/modules/ext/jaxws22/api/jaxws-api.jar:/Applications/NetBeans/NetBeans 8.2.app/Contents/Resources/NetBeans/java/modules/ext/jaxws22/api/jsr181-api.jar:/Applications/NetBeans/NetBeans 8.2.app/Contents/Resources/NetBeans/java/modules/ext/jaxws22/api/javax.annotation.jar:/Applications/NetBeans/NetBeans 8.2.app/Contents/Resources/NetBeans/java/modules/ext/jaxws22/api/saaj-api.jar:/Applications/NetBeans/NetBeans 8.2.app/Contents/Resources/NetBeans/ide/modules/ext/jaxb/activation.jar:/Applications/NetBeans/NetBeans 8.2.app/Contents/Resources/NetBeans/ide/modules/ext/jaxb/api/jaxb-api.jar:/Applications/NetBeans/NetBeans 8.2.app/Contents/Resources/NetBeans/ide/modules/ext/jaxb/api/jsr173_1.0_api.jar" />
    <property name="libs.struts.src" value="" />
    <property name="apple.awt.graphics.UseQuartz" value="true" />
    <property name="addExports:java.desktop/sun.awt.im" value="ALL-UNNAMED" />
    <property name="user.language" value="en" />
    <property name="testng.mode" value="testng" />
    <property name="libs.JAXB-ENDORSED.maven-pom" value="" />
    <property name="libs.eclipselink.maven-pom" value="" />
    <property name="test.binaryincludes" value="&lt;nothing&gt;" />
    <property name="libs.primefaces.javadoc" value="" />
    <property name="libs.spring-framework300.maven-pom" value="" />
    <property name="run.test.classpath" value=":build/classes:/Applications/NetBeans/NetBeans 8.2.app/Contents/Resources/NetBeans/platform/modules/ext/junit-4.12.jar::/Applications/NetBeans/NetBeans 8.2.app/Contents/Resources/NetBeans/platform/modules/ext/hamcrest-core-1.3.jar:build/test/classes" />
    <property name="ant.project.invoked-targets" value="test" />
    <property name="test.binaryexcludes" value="" />
    <property name="libs.swing-layout.javadoc" value="/Applications/NetBeans/NetBeans 8.2.app/Contents/Resources/NetBeans/platform/docs/swing-layout-1.0.4-doc.zip" />
    <property name="sun.java2d.dpiaware" value="true" />
    <property name="libs.hibernate4-persistence.maven-pom" value="" />
    <property name="addExports:java.base/jdk.internal.jrtfs" value="ALL-UNNAMED" />
    <property name="gopherProxySet" value="false" />
    <property name="libs.DataBindingME-SVG.classpath" value="/Applications/NetBeans/NetBeans 8.2.app/Contents/Resources/NetBeans/mobility/modules/ext/netbeans_databindingme_svg.jar" />
    <property name="https.nonProxyHosts" value="localhost|127.0.0.1|victors-MacBook-Pro.local" />
    <property name="libs.PostgreSQLDriver.maven-pom" value="" />
    <property name="java.class.version" value="52.0" />
    <property name="libs.hibernate4-persistencemodelgen.maven-pom" value="" />
    <property name="libs.javaee-endorsed-api-6.0.src" value="" />
    <property name="libs.eclipselink.javadoc" value="/Applications/NetBeans/NetBeans 8.2.app/Contents/Resources/NetBeans/java/modules/ext/docs/javax.persistence-2.1.0-doc.zip" />
    <property name="libs.jsp-compilation.maven-pom" value="" />
    <property name="user.properties.file" value="/Users/victorwilliam/Library/Application Support/NetBeans/8.2/build.properties" />
    <property name="runtime.encoding" value="UTF-8" />
    <property name="libs.javac-api.maven-pom" value="" />
    <property name="file.encoding.pkg" value="sun.io" />
    <property name="sun.cpu.endian" value="little" />
    <property name="libs.JAXB-ENDORSED.javadoc" value="" />
    <property name="libs.JWSAntTasks.classpath" value="/Applications/NetBeans/NetBeans 8.2.app/Contents/Resources/NetBeans/java/ant/extra/org-netbeans-modules-javawebstart-anttasks.jar" />
    <property name="libs.spring-webmvc4.0.maven-pom" value="" />
    <property name="libs.spring-framework300.src" value="" />
    <property name="libs.jstl.src" value="" />
    <property name="empty.dir" value="/Users/victorwilliam/Downloads/JUnitSampleSol/build/empty" />
    <property name="version-output" value="java version &quot;1.8" />
    <property name="test.binarytestincludes" value="" />
    <property name="libs.hibernate4-persistencemodelgen.src" value="" />
    <property name="javadoc.preview" value="true" />
    <property name="socksNonProxyHosts" value="local|*.local|169.254/16|*.169.254/16" />
    <property name="libs.jpa20-persistence.javadoc" value="/Applications/NetBeans/NetBeans 8.2.app/Contents/Resources/NetBeans/java/modules/ext/docs/javax.persistence-2.1.0-doc.zip" />
    <property name="java.home" value="/Library/Java/JavaVirtualMachines/jdk1.8.0_192.jdk/Contents/Home/jre" />
    <property name="libs.jsp-compilation.src" value="" />
    <property name="debug.test.classpath" value=":build/classes:/Applications/NetBeans/NetBeans 8.2.app/Contents/Resources/NetBeans/platform/modules/ext/junit-4.12.jar::/Applications/NetBeans/NetBeans 8.2.app/Contents/Resources/NetBeans/platform/modules/ext/hamcrest-core-1.3.jar:build/test/classes" />
    <property name="libs.javaee-endorsed-api-6.0.classpath" value="/Applications/NetBeans/NetBeans 8.2.app/Contents/Resources/NetBeans/enterprise/modules/ext/javaee6-endorsed/javax.annotation.jar:/Applications/NetBeans/NetBeans 8.2.app/Contents/Resources/NetBeans/enterprise/modules/ext/javaee6-endorsed/jaxb-api-osgi.jar:/Applications/NetBeans/NetBeans 8.2.app/Contents/Resources/NetBeans/enterprise/modules/ext/javaee6-endorsed/webservices-api-osgi.jar" />
    <property name="libs.javaee-api-6.0.src" value="" />
    <property name="netbeans.importclass" value="org.netbeans.upgrade.AutoUpgrade" />
    <property name="ant.project.default-target" value="default" />
    <property name="annotation.processing.run.all.processors" value="true" />
    <property name="libs.DataBindingME.maven-pom" value="" />
    <property name="libs.PostgreSQLDriver.javadoc" value="" />
    <property name="libs.restlib.classpath" value="/Applications/NetBeans/NetBeans 8.2.app/Contents/Resources/NetBeans/enterprise/modules/ext/jersey2/ext/asm-all-repackaged-2.2.0-b21.jar:/Applications/NetBeans/NetBeans 8.2.app/Contents/Resources/NetBeans/enterprise/modules/ext/jersey2/ext/cglib-2.2.0-b21.jar:/Applications/NetBeans/NetBeans 8.2.app/Contents/Resources/NetBeans/enterprise/modules/ext/jersey2/ext/guava-14.0.1.jar:/Applications/NetBeans/NetBeans 8.2.app/Contents/Resources/NetBeans/enterprise/modules/ext/jersey2/ext/hk2-api-2.2.0-b21.jar:/Applications/NetBeans/NetBeans 8.2.app/Contents/Resources/NetBeans/enterprise/modules/ext/jersey2/ext/hk2-locator-2.2.0-b21.jar:/Applications/NetBeans/NetBeans 8.2.app/Contents/Resources/NetBeans/enterprise/modules/ext/jersey2/ext/hk2-utils-2.2.0-b21.jar:/Applications/NetBeans/NetBeans 8.2.app/Contents/Resources/NetBeans/enterprise/modules/ext/jersey2/ext/javax.annotation-api-1.2.jar:/Applications/NetBeans/NetBeans 8.2.app/Contents/Resources/NetBeans/enterprise/modules/ext/jersey2/ext/javax.inject-2.2.0-b21.jar:/Applications/NetBeans/NetBeans 8.2.app/Contents/Resources/NetBeans/enterprise/modules/ext/jersey2/ext/javax.servlet-api-3.0.1.jar:/Applications/NetBeans/NetBeans 8.2.app/Contents/Resources/NetBeans/enterprise/modules/ext/jersey2/ext/jaxb-api-2.2.7.jar:/Applications/NetBeans/NetBeans 8.2.app/Contents/Resources/NetBeans/enterprise/modules/ext/jersey2/ext/jersey-entity-filtering-2.5.1.jar:/Applications/NetBeans/NetBeans 8.2.app/Contents/Resources/NetBeans/enterprise/modules/ext/jersey2/ext/jersey-media-moxy-2.5.1.jar:/Applications/NetBeans/NetBeans 8.2.app/Contents/Resources/NetBeans/enterprise/modules/ext/jersey2/ext/org.osgi.core-4.2.0.jar:/Applications/NetBeans/NetBeans 8.2.app/Contents/Resources/NetBeans/enterprise/modules/ext/jersey2/ext/osgi-resource-locator-1.0.1.jar:/Applications/NetBeans/NetBeans 8.2.app/Contents/Resources/NetBeans/enterprise/modules/ext/jersey2/ext/persistence-api-1.0.jar:/Applications/NetBeans/NetBeans 8.2.app/Contents/Resources/NetBeans/enterprise/modules/ext/jersey2/ext/validation-api-1.1.0.Final.jar:/Applications/NetBeans/NetBeans 8.2.app/Contents/Resources/NetBeans/enterprise/modules/ext/jersey2/jersey-client.jar:/Applications/NetBeans/NetBeans 8.2.app/Contents/Resources/NetBeans/enterprise/modules/ext/jersey2/jersey-common.jar:/Applications/NetBeans/NetBeans 8.2.app/Contents/Resources/NetBeans/enterprise/modules/ext/jersey2/jersey-container-servlet.jar:/Applications/NetBeans/NetBeans 8.2.app/Contents/Resources/NetBeans/enterprise/modules/ext/jersey2/jersey-container-servlet-core.jar:/Applications/NetBeans/NetBeans 8.2.app/Contents/Resources/NetBeans/enterprise/modules/ext/jersey2/jersey-server.jar:/Applications/NetBeans/NetBeans 8.2.app/Contents/Resources/NetBeans/java/modules/ext/eclipselink/eclipselink.jar" />
    <property name="libs.MySQLDriver.maven-pom" value="" />
    <property name="libs.hibernate4-persistence.javadoc" value="/Applications/NetBeans/NetBeans 8.2.app/Contents/Resources/NetBeans/java/modules/ext/docs/javax.persistence-2.1.0-doc.zip" />
    <property name="http.nonProxyHosts" value="local|*.local|169.254/16|*.169.254/16" />
    <property name="libs.junit_4.javadoc" value="/Applications/NetBeans/NetBeans 8.2.app/Contents/Resources/NetBeans/platform/docs/junit-4.12-javadoc.jar" />
    <property name="libs.javaee-web-api-6.0.maven-pom" value="" />
    <property name="run.classpath" value=":build/classes" />
    <property name="jna.boot.library.name" value="jnidispatch-422" />
    <property name="libs.javaee-endorsed-api-6.0.javadoc" value="/Applications/NetBeans/NetBeans 8.2.app/Contents/Resources/NetBeans/enterprise/docs/javaee-doc-api.jar" />
    <property name="libs.javaee-api-7.0.classpath" value="/Applications/NetBeans/NetBeans 8.2.app/Contents/Resources/NetBeans/enterprise/modules/ext/javaee-api-7.0.jar" />
    <property name="sun.awt.datatransfer.timeout" value="1000" />
    <property name="libs.spring-webmvc3.0.javadoc" value="" />
    <property name="libs.jpa2-persistence.maven-pom" value="" />
    <property name="libs.hibernate4-support.classpath" value="/Applications/NetBeans/NetBeans 8.2.app/Contents/Resources/NetBeans/java/modules/ext/hibernate4/antlr-2.7.7.jar:/Applications/NetBeans/NetBeans 8.2.app/Contents/Resources/NetBeans/java/modules/ext/hibernate4/c3p0-0.9.2.1.jar:/Applications/NetBeans/NetBeans 8.2.app/Contents/Resources/NetBeans/java/modules/ext/hibernate4/hibernate-c3p0-4.3.1.Final.jar:/Applications/NetBeans/NetBeans 8.2.app/Contents/Resources/NetBeans/java/modules/ext/hibernate4/mchange-commons-java-0.2.3.4.jar:/Applications/NetBeans/NetBeans 8.2.app/Contents/Resources/NetBeans/java/modules/ext/hibernate4/dom4j-1.6.1.jar:/Applications/NetBeans/NetBeans 8.2.app/Contents/Resources/NetBeans/java/modules/ext/hibernate4/ehcache-core-2.4.3.jar:/Applications/NetBeans/NetBeans 8.2.app/Contents/Resources/NetBeans/java/modules/ext/hibernate4/hibernate-ehcache-4.3.1.Final.jar:/Applications/NetBeans/NetBeans 8.2.app/Contents/Resources/NetBeans/java/modules/ext/hibernate4/hibernate-core-4.3.1.Final.jar:/Applications/NetBeans/NetBeans 8.2.app/Contents/Resources/NetBeans/java/modules/ext/hibernate4/jboss-logging-3.1.3.GA.jar:/Applications/NetBeans/NetBeans 8.2.app/Contents/Resources/NetBeans/java/modules/ext/hibernate4/hibernate-commons-annotations-4.0.4.Final.jar:/Applications/NetBeans/NetBeans 8.2.app/Contents/Resources/NetBeans/java/modules/ext/hibernate4/hibernate-entitymanager-4.3.1.Final.jar:/Applications/NetBeans/NetBeans 8.2.app/Contents/Resources/NetBeans/java/modules/ext/hibernate4/javassist-3.18.1-GA.jar:/Applications/NetBeans/NetBeans 8.2.app/Contents/Resources/NetBeans/java/modules/ext/hibernate4/jboss-transaction-api_1.2_spec-1.0.0.Final.jar:/Applications/NetBeans/NetBeans 8.2.app/Contents/Resources/NetBeans/java/modules/ext/hibernate4/slf4j-api-1.6.1.jar:/Applications/NetBeans/NetBeans 8.2.app/Contents/Resources/NetBeans/java/modules/ext/hibernate4/slf4j-simple-1.6.1.jar" />
    <property name="nb.native.filechooser" value="false" />
    <property name="libs.restapi.src" value="" />
    <property name="sun.management.compiler" value="HotSpot 64-Bit Tiered Compilers" />
    <property name="libs.j2me_common_ant.javadoc" value="" />
    <property name="javac.deprecation" value="false" />
    <property name="javadoc.use" value="true" />
    <property name="sun.java2d.noddraw" value="true" />
    <property name="libs.jsp-compiler.classpath" value="/Applications/NetBeans/NetBeans 8.2.app/Contents/Resources/NetBeans/enterprise/ant/extra/jspcompile.jar" />
    <property name="library.jansi.path" value="/Users/victorwilliam/.gradle/native/jansi/1.17.1/osx" />
    <property name="javac.processorpath" value="" />
    <property name="libs.hamcrest.maven-pom" value="" />
    <property name="javac.compilerargs" value="" />
    <property name="svnkit.http.methods" value="Basic" />
    <property name="ant.file" value="/Users/victorwilliam/Downloads/JUnitSampleSol/build.xml" />
    <property name="libs.beans-binding.maven-pom" value="" />
    <property name="libs.hibernate4-support.javadoc" value="/Applications/NetBeans/NetBeans 8.2.app/Contents/Resources/NetBeans/java/modules/ext/docs/javax.persistence-2.1.0-doc.zip" />
    <property name="libs.jsf12.classpath" value="/Applications/NetBeans/NetBeans 8.2.app/Contents/Resources/NetBeans/enterprise/modules/ext/jsf-1_2/commons-beanutils.jar:/Applications/NetBeans/NetBeans 8.2.app/Contents/Resources/NetBeans/enterprise/modules/ext/jsf-1_2/commons-collections.jar:/Applications/NetBeans/NetBeans 8.2.app/Contents/Resources/NetBeans/enterprise/modules/ext/jsf-1_2/commons-digester.jar:/Applications/NetBeans/NetBeans 8.2.app/Contents/Resources/NetBeans/enterprise/modules/ext/jsf-1_2/commons-logging.jar:/Applications/NetBeans/NetBeans 8.2.app/Contents/Resources/NetBeans/enterprise/modules/ext/jsf-1_2/jsf-api.jar:/Applications/NetBeans/NetBeans 8.2.app/Contents/Resources/NetBeans/enterprise/modules/ext/jsf-1_2/jsf-impl.jar" />
    <property name="libs.jstl.maven-pom" value="" />
    <property name="libs.restapi.maven-pom" value="" />
    <property name="libs.beans-binding.src" value="" />
    <property name="ant.file.type.JUnitSampleSol" value="file" />
    <property name="java.vm.specification.vendor" value="Oracle Corporation" />
    <property name="libs.DataBindingME-PIM.javadoc" value="/Applications/NetBeans/NetBeans 8.2.app/Contents/Resources/NetBeans/mobility/modules/docs/netbeans_databindingme_pim-api.zip" />
    <property name="libs.swing-layout.src" value="/Applications/NetBeans/NetBeans 8.2.app/Contents/Resources/NetBeans/platform/docs/swing-layout-1.0.4-src.zip" />
    <property name="org.openide.major.version" value="IDE/1" />
    <property name="java.vm.name" value="Java HotSpot(TM) 64-Bit Server VM" />
    <property name="netbeans.user" value="/Users/victorwilliam/Library/Application Support/NetBeans/8.2" />
    <property name="javadoc.additionalparam" value="" />
    <property name="java.io.tmpdir" value="/var/folders/76/86kl3d716s743qsbdfsttcx00000gn/T/" />
    <property name="java.vendor.url" value="http://java.oracle.com/" />
    <property name="endorsed.classpath.cmd.line.arg" value="" />
    <property name="jna.loaded" value="true" />
    <property name="junit.available" value="true" />
    <property name="libs.jsp-compiler.src" value="" />
    <property name="sun.boot.library.path" value="/Library/Java/JavaVirtualMachines/jdk1.8.0_192.jdk/Contents/Home/jre/lib" />
    <property name="have.sources" value="true" />
    <property name="libs.hamcrest.javadoc" value="" />
    <property name="debug.classpath" value=":build/classes" />
    <property name="javadoc.private" value="false" />
    <property name="test.src.dir" value="test" />
    <property name="libs.jsf20.classpath" value="/Applications/NetBeans/NetBeans 8.2.app/Contents/Resources/NetBeans/enterprise/modules/ext/jsf-2_2/javax.faces.jar" />
    <property name="ap.processors.internal" value="" />
    <property name="meta.inf.dir" value="src/META-INF" />
    <property name="javadoc.encoding.used" value="UTF-8" />
    <property name="libs.DataBindingME-SVG.src" value="/Applications/NetBeans/NetBeans 8.2.app/Contents/Resources/NetBeans/mobility/sources/netbeans_databindingme_svg-src.zip" />
    <property name="dist.jar" value="dist/JUnitSampleSol.jar" />
    <property name="libs.spring-framework400.maven-pom" value="" />
    <property name="java.runtime.name" value="Java(TM) SE Runtime Environment" />
    <property name="ant.project.name" value="JUnitSampleSol" />
    <property name="netbeans.hash.code" value="unique=NB_JAVA_WEBCOMMON_WEBEE_MOB_CND_GROOVY_PHP_GFMOD0a75792ab-bcd1-4886-b289-4e967dbbcd40_2ad01362-c1d5-4158-904e-59e149d8cf77" />
    <property name="netbeans.default_userdir_root" value="/Users/victorwilliam/Library/Application Support/NetBeans" />
    <property name="libs.jsp-compilation-syscp.maven-pom" value="" />
    <property name="junit.selected.version" value="3" />
    <property name="sun.cpu.isalist" value="" />
    <property name="libs.spring-framework400.javadoc" value="" />
    <property name="libs.CopyLibs.javadoc" value="" />
    <property name="org.openide.specification.version" value="6.2" />
    <property name="libs.DataBindingME-PIM.classpath" value="/Applications/NetBeans/NetBeans 8.2.app/Contents/Resources/NetBeans/mobility/modules/ext/netbeans_databindingme_pim.jar" />
    <property name="user.home" value="/Users/victorwilliam" />
    <property name="annotation.processing.processors.list" value="" />
    <property name="libs.primefaces.maven-pom" value="" />
    <property name="debug-args-line" value="-Xdebug" />
    <property name="libs.javaee-api-6.0.maven-pom" value="" />
    <property name="libs.JWSAntTasks.src" value="" />
    <property name="jar.index" value="false" />
    <property name="libs.CopyLibs.maven-pom" value="" />
    <property name="libs.spring-framework300.javadoc" value="" />
    <property name="libs.absolutelayout.javadoc" value="" />
    <property name="guice.disable.misplaced.annotation.check" value="true" />
    <property name="java.specification.name" value="Java Platform API Specification" />
    <property name="java.specification.vendor" value="Oracle Corporation" />
    <property name="libs.javac-api.classpath" value="/Applications/NetBeans/NetBeans 8.2.app/Contents/Resources/NetBeans/java/modules/ext/nb-javac-api.jar" />
    <property name="ant.file.type.JUnitSampleSol-impl" value="file" />
    <property name="java.version" value="1.8.0_192" />
    <property name="run.jvmargs.ide" value="" />
    <property name="javadoc.version" value="false" />
    <property name="libs.MySQLDriver.javadoc" value="" />
    <property name="org.openide.version" value="deprecated" />
    <property name="platform.java" value="/Library/Java/JavaVirtualMachines/jdk1.8.0_192.jdk/Contents/Home/jre/bin/java" />
    <property name="source.encoding" value="UTF-8" />
    <property name="ap.cmd.line.internal" value="" />
    <property name="libs.eclipselinkmodelgen.maven-pom" value="" />
    <property name="libs.jsp-compilation-syscp.javadoc" value="" />
    <property name="libs.eclipselinkmodelgen.javadoc" value="" />
    <property name="libs.javaee-endorsed-api-7.0.classpath" value="/Applications/NetBeans/NetBeans 8.2.app/Contents/Resources/NetBeans/enterprise/modules/ext/javaee7-endorsed/javax.annotation-api.jar:/Applications/NetBeans/NetBeans 8.2.app/Contents/Resources/NetBeans/enterprise/modules/ext/javaee7-endorsed/javax.xml.soap-api.jar:/Applications/NetBeans/NetBeans 8.2.app/Contents/Resources/NetBeans/enterprise/modules/ext/javaee7-endorsed/jaxb-api-osgi.jar:/Applications/NetBeans/NetBeans 8.2.app/Contents/Resources/NetBeans/enterprise/modules/ext/javaee7-endorsed/jaxws-api.jar:/Applications/NetBeans/NetBeans 8.2.app/Contents/Resources/NetBeans/enterprise/modules/ext/javaee7-endorsed/jsr181-api.jar" />
    <property name="libs.metro.javadoc" value="/Applications/NetBeans/NetBeans 8.2.app/Contents/Resources/NetBeans/enterprise/docs/metro-1.4-doc.zip" />
    <property name="libs.struts.maven-pom" value="" />
    <property name="netbeans.home+have.tests" value="true" />
    <property name="annotation.processing.processor.options" value="" />
    <property name="libs.testng.maven-pom" value="" />
    <property name="libs.jaxb.src" value="" />
    <property name="work.dir" value="/Users/victorwilliam/Downloads/JUnitSampleSol" />
    <property name="libs.jaxb.classpath" value="/Applications/NetBeans/NetBeans 8.2.app/Contents/Resources/NetBeans/ide/modules/ext/jaxb/jaxb-impl.jar:/Applications/NetBeans/NetBeans 8.2.app/Contents/Resources/NetBeans/ide/modules/ext/jaxb/jaxb-xjc.jar:/Applications/NetBeans/NetBeans 8.2.app/Contents/Resources/NetBeans/ide/modules/ext/jaxb/jaxb1-impl.jar:/Applications/NetBeans/NetBeans 8.2.app/Contents/Resources/NetBeans/ide/modules/ext/jaxb/activation.jar:/Applications/NetBeans/NetBeans 8.2.app/Contents/Resources/NetBeans/ide/modules/ext/jaxb/api/jaxb-api.jar:/Applications/NetBeans/NetBeans 8.2.app/Contents/Resources/NetBeans/ide/modules/ext/jaxb/api/jsr173_1.0_api.jar" />
    <property name="php.global.include.path" value="" />
    <property name="do.depend" value="false" />
    <property name="dist.javadoc.dir" value="dist/javadoc" />
    <property name="libs.j2me_common_ant.classpath" value="/Applications/NetBeans/NetBeans 8.2.app/Contents/Resources/NetBeans/mobility/modules/org-netbeans-modules-j2me-common-ant.jar:/Applications/NetBeans/NetBeans 8.2.app/Contents/Resources/NetBeans/java/modules/org-netbeans-modules-classfile.jar" />
    <property name="libs.spring-webmvc3.0.classpath" value="/Applications/NetBeans/NetBeans 8.2.app/Contents/Resources/NetBeans/java/modules/ext/spring-3.0/spring-webmvc-3.2.7.RELEASE.jar" />
    <property name="libs.swing-layout.classpath" value="/Applications/NetBeans/NetBeans 8.2.app/Contents/Resources/NetBeans/platform/modules/ext/swing-layout-1.0.4.jar" />
    <property name="libs.javaee-web-api-7.0.maven-pom" value="" />
    <property name="libs.restlib.src" value="" />
    <property name="build.generated.dir" value="build/generated" />
    <property name="javac.source" value="1.6" />
    <property name="line.separator" value="&#xa;" />
    <property name="java.specification.version" value="1.8" />
    <property name="java.vm.info" value="mixed mode" />
    <property name="libs.jaxws21.maven-pom" value="" />
    <property name="nb.junit.batch" value="true" />
    <property name="junit.forkmode" value="perTest" />
    <property name="addExports:java.management/sun.management" value="ALL-UNNAMED" />
    <property name="sun.boot.class.path" value="/Library/Java/JavaVirtualMachines/jdk1.8.0_192.jdk/Contents/Home/jre/lib/resources.jar:/Library/Java/JavaVirtualMachines/jdk1.8.0_192.jdk/Contents/Home/jre/lib/rt.jar:/Library/Java/JavaVirtualMachines/jdk1.8.0_192.jdk/Contents/Home/jre/lib/sunrsasign.jar:/Library/Java/JavaVirtualMachines/jdk1.8.0_192.jdk/Contents/Home/jre/lib/jsse.jar:/Library/Java/JavaVirtualMachines/jdk1.8.0_192.jdk/Contents/Home/jre/lib/jce.jar:/Library/Java/JavaVirtualMachines/jdk1.8.0_192.jdk/Contents/Home/jre/lib/charsets.jar:/Library/Java/JavaVirtualMachines/jdk1.8.0_192.jdk/Contents/Home/jre/lib/jfr.jar:/Library/Java/JavaVirtualMachines/jdk1.8.0_192.jdk/Contents/Home/jre/classes" />
    <property name="javac.target" value="1.6" />
    <property name="built-jar.properties" value="/Users/victorwilliam/Downloads/JUnitSampleSol/build/built-jar.properties" />
    <property name="build.test.classes.dir" value="build/test/classes" />
    <property name="src.dir" value="src" />
    <property name="annotation.processing.enabled" value="true" />
    <property name="libs.jpa2-persistence.src" value="" />
    <property name="libs.jsf20.src" value="" />
    <property name="libs.jpa20-persistence.src" value="" />
    <property name="libs.DataBindingME-SVG.maven-pom" value="" />
    <property name="libs.jsf12.src" value="" />
    <property name="libs.struts.javadoc" value="/Applications/NetBeans/NetBeans 8.2.app/Contents/Resources/NetBeans/enterprise/docs/struts-1.3.10-javadoc.zip" />
    <property name="libs.javaee-web-api-7.0.src" value="" />
    <property name="libs.primefaces.src" value="" />
    <property name="dist.dir" value="dist" />
    <property name="libs.groovy-all.javadoc" value="" />
    <property name="testng.debug.mode" value="" />
    <property name="javac.fork" value="false" />
    <property name="libs.groovy-all.classpath" value="/Applications/NetBeans/NetBeans 8.2.app/Contents/Resources/NetBeans/groovy/modules/ext/groovy-all.jar" />
    <property name="java.awt.printerjob" value="sun.lwawt.macosx.CPrinterJob" />
    <property name="default.javac.source" value="1.8" />
    <property name="debug-transport-by-os" value="dt_socket" />
    <property name="libs.MySQLDriver.src" value="" />
    <property name="sun.jnu.encoding" value="UTF-8" />
    <property name="java.runtime.version" value="1.8.0_192-b12" />
    <property name="build.test.results.dir" value="build/test/results" />
    <property name="jna.platform.library.path" value="/usr/lib:/usr/lib" />
    <property name="default.javac.target" value="1.8" />
    <property name="libs.junit_4.classpath" value="/Applications/NetBeans/NetBeans 8.2.app/Contents/Resources/NetBeans/platform/modules/ext/junit-4.12.jar" />
    <property name="user.timezone" value="" />
    <property name="nb.junit.single" value="false" />
    <property name="libs.javaee-endorsed-api-6.0.maven-pom" value="" />
    <property name="netbeans.dirs" value="/Applications/NetBeans/NetBeans 8.2.app/Contents/Resources/NetBeans/nb:/Applications/NetBeans/NetBeans 8.2.app/Contents/Resources/NetBeans/ergonomics:/Applications/NetBeans/NetBeans 8.2.app/Contents/Resources/NetBeans/ide:/Applications/NetBeans/NetBeans 8.2.app/Contents/Resources/NetBeans/extide:/Applications/NetBeans/NetBeans 8.2.app/Contents/Resources/NetBeans/java:/Applications/NetBeans/NetBeans 8.2.app/Contents/Resources/NetBeans/apisupport:/Applications/NetBeans/NetBeans 8.2.app/Contents/Resources/NetBeans/webcommon:/Applications/NetBeans/NetBeans 8.2.app/Contents/Resources/NetBeans/websvccommon:/Applications/NetBeans/NetBeans 8.2.app/Contents/Resources/NetBeans/enterprise:/Applications/NetBeans/NetBeans 8.2.app/Contents/Resources/NetBeans/mobility:/Applications/NetBeans/NetBeans 8.2.app/Contents/Resources/NetBeans/profiler:/Applications/NetBeans/NetBeans 8.2.app/Contents/Resources/NetBeans/python:/Applications/NetBeans/NetBeans 8.2.app/Contents/Resources/NetBeans/php:/Applications/NetBeans/NetBeans 8.2.app/Contents/Resources/NetBeans/identity:/Applications/NetBeans/NetBeans 8.2.app/Contents/Resources/NetBeans/harness:/Applications/NetBeans/NetBeans 8.2.app/Contents/Resources/NetBeans/cnd:/Applications/NetBeans/NetBeans 8.2.app/Contents/Resources/NetBeans/cndext:/Applications/NetBeans/NetBeans 8.2.app/Contents/Resources/NetBeans/dlight:/Applications/NetBeans/NetBeans 8.2.app/Contents/Resources/NetBeans/groovy:/Applications/NetBeans/NetBeans 8.2.app/Contents/Resources/NetBeans/extra:/Applications/NetBeans/NetBeans 8.2.app/Contents/Resources/NetBeans/javacard:/Applications/NetBeans/NetBeans 8.2.app/Contents/Resources/NetBeans/javafx:" />
    <property name="libs.jsf20.javadoc" value="/Applications/NetBeans/NetBeans 8.2.app/Contents/Resources/NetBeans/enterprise/docs/javaee-doc-api.jar" />
    <property name="libs.jstl.javadoc" value="/Applications/NetBeans/NetBeans 8.2.app/Contents/Resources/NetBeans/enterprise/docs/javaee-doc-api.jar" />
    <property name="java.ext.dirs" value="/Users/victorwilliam/Library/Java/Extensions:/Library/Java/JavaVirtualMachines/jdk1.8.0_192.jdk/Contents/Home/jre/lib/ext:/Library/Java/Extensions:/Network/Library/Java/Extensions:/System/Library/Java/Extensions:/usr/lib/java" />
    <property name="libs.metro.src" value="" />
    <property name="libs.absolutelayout.classpath" value="/Applications/NetBeans/NetBeans 8.2.app/Contents/Resources/NetBeans/java/modules/ext/AbsoluteLayout.jar" />
    <property name="excludes" value="" />
    <property name="libs.restlib.maven-pom" value="" />
    <property name="libs.metro.classpath" value="/Applications/NetBeans/NetBeans 8.2.app/Contents/Resources/NetBeans/ide/modules/ext/jaxb/activation.jar:/Applications/NetBeans/NetBeans 8.2.app/Contents/Resources/NetBeans/enterprise/modules/ext/metro/webservices-api.jar:/Applications/NetBeans/NetBeans 8.2.app/Contents/Resources/NetBeans/enterprise/modules/ext/metro/webservices-extra-api.jar:/Applications/NetBeans/NetBeans 8.2.app/Contents/Resources/NetBeans/enterprise/modules/ext/metro/webservices-extra.jar:/Applications/NetBeans/NetBeans 8.2.app/Contents/Resources/NetBeans/enterprise/modules/ext/metro/webservices-rt.jar:/Applications/NetBeans/NetBeans 8.2.app/Contents/Resources/NetBeans/enterprise/modules/ext/metro/webservices-tools.jar" />
    <property name="libs.jpa2-persistence.javadoc" value="/Applications/NetBeans/NetBeans 8.2.app/Contents/Resources/NetBeans/java/modules/ext/docs/javax.persistence-2.1.0-doc.zip" />
    <property name="libs.DataBindingME.javadoc" value="/Applications/NetBeans/NetBeans 8.2.app/Contents/Resources/NetBeans/mobility/modules/docs/netbeans_databindingme-api.zip" />
    <property name="apple.laf.useScreenMenuBar" value="true" />
    <property name="java.class.path" value="/Users/victorwilliam/Downloads/JUnitSampleSol/build/classes:/Applications/NetBeans/NetBeans 8.2.app/Contents/Resources/NetBeans/platform/modules/ext/junit-4.12.jar:/Applications/NetBeans/NetBeans 8.2.app/Contents/Resources/NetBeans/platform/modules/ext/hamcrest-core-1.3.jar:/Users/victorwilliam/Downloads/JUnitSampleSol/build/test/classes:/Applications/NetBeans/NetBeans 8.2.app/Contents/Resources/NetBeans/extide/ant/lib/ant-launcher.jar:/Applications/NetBeans/NetBeans 8.2.app/Contents/Resources/NetBeans/extide/ant/lib/ant.jar:/Applications/NetBeans/NetBeans 8.2.app/Contents/Resources/NetBeans/extide/ant/lib/ant-junit.jar:/Applications/NetBeans/NetBeans 8.2.app/Contents/Resources/NetBeans/extide/ant/lib/ant-junit4.jar:/Users/victorwilliam/Library/Application Support/NetBeans/8.2/modules/ext/jacocoagent.jar" />
    <property name="addExports:java.desktop/java.awt.peer" value="ALL-UNNAMED" />
    <property name="addExports:java.desktop/com.sun.beans.editors" value="ALL-UNNAMED" />
    <property name="do.mkdist" value="true" />
    <property name="libs.absolutelayout.src" value="" />
    <property name="libs.jpa20-persistence.classpath" value="/Applications/NetBeans/NetBeans 8.2.app/Contents/Resources/NetBeans/java/modules/ext/eclipselink/javax.persistence_2.1.0.v201304241213.jar" />
    <property name="os.version" value="10.14.4" />
    <property name="application.args" value="" />
    <property name="libs.javaee-api-7.0.maven-pom" value="" />
    <property name="sun.awt.enableExtraMouseButtons" value="true" />
    <property name="libs.hibernate4-persistence.src" value="" />
    <property name="libs.hibernate4-support.maven-pom" value="" />
    <property name="libs.restlib.javadoc" value="" />
    <property name="libs.JAXB-ENDORSED.classpath" value="/Applications/NetBeans/NetBeans 8.2.app/Contents/Resources/NetBeans/ide/modules/ext/jaxb/api/jaxb-api.jar" />
    <property name="libs.eclipselink.classpath" value="/Applications/NetBeans/NetBeans 8.2.app/Contents/Resources/NetBeans/java/modules/ext/eclipselink/eclipselink.jar:/Applications/NetBeans/NetBeans 8.2.app/Contents/Resources/NetBeans/java/modules/ext/eclipselink/javax.persistence_2.1.0.v201304241213.jar:/Applications/NetBeans/NetBeans 8.2.app/Contents/Resources/NetBeans/java/modules/ext/eclipselink/org.eclipse.persistence.jpa.jpql_2.5.2.v20140319-9ad6abd.jar" />
    <property name="libs.javaee-api-7.0.javadoc" value="/Applications/NetBeans/NetBeans 8.2.app/Contents/Resources/NetBeans/enterprise/docs/javaee-doc-api.jar" />
    <property name="java.awt.graphicsenv" value="sun.awt.CGraphicsEnvironment" />
    <property name="libs.beans-binding.javadoc" value="/Applications/NetBeans/NetBeans 8.2.app/Contents/Resources/NetBeans/java/docs/beansbinding-1.2.1-doc.zip" />
    <property name="java.vm.vendor" value="Oracle Corporation" />
    <property name="libs.CopyLibs.classpath" value="/Applications/NetBeans/NetBeans 8.2.app/Contents/Resources/NetBeans/java/ant/extra/org-netbeans-modules-java-j2seproject-copylibstask.jar" />
    <property name="libs.spring-framework300.classpath" value="/Applications/NetBeans/NetBeans 8.2.app/Contents/Resources/NetBeans/ide/modules/org-apache-commons-logging.jar:/Applications/NetBeans/NetBeans 8.2.app/Contents/Resources/NetBeans/java/modules/ext/cglib-2.2.jar:/Applications/NetBeans/NetBeans 8.2.app/Contents/Resources/NetBeans/java/modules/ext/spring-3.0/spring-aop-3.2.7.RELEASE.jar:/Applications/NetBeans/NetBeans 8.2.app/Contents/Resources/NetBeans/java/modules/ext/spring-3.0/spring-aspects-3.2.7.RELEASE.jar:/Applications/NetBeans/NetBeans 8.2.app/Contents/Resources/NetBeans/java/modules/ext/spring-3.0/spring-beans-3.2.7.RELEASE.jar:/Applications/NetBeans/NetBeans 8.2.app/Contents/Resources/NetBeans/java/modules/ext/spring-3.0/spring-build-src-3.2.7.RELEASE.jar:/Applications/NetBeans/NetBeans 8.2.app/Contents/Resources/NetBeans/java/modules/ext/spring-3.0/spring-context-3.2.7.RELEASE.jar:/Applications/NetBeans/NetBeans 8.2.app/Contents/Resources/NetBeans/java/modules/ext/spring-3.0/spring-context-support-3.2.7.RELEASE.jar:/Applications/NetBeans/NetBeans 8.2.app/Contents/Resources/NetBeans/java/modules/ext/spring-3.0/spring-core-3.2.7.RELEASE.jar:/Applications/NetBeans/NetBeans 8.2.app/Contents/Resources/NetBeans/java/modules/ext/spring-3.0/spring-expression-3.2.7.RELEASE.jar:/Applications/NetBeans/NetBeans 8.2.app/Contents/Resources/NetBeans/java/modules/ext/spring-3.0/spring-framework-bom-3.2.7.RELEASE.jar:/Applications/NetBeans/NetBeans 8.2.app/Contents/Resources/NetBeans/java/modules/ext/spring-3.0/spring-instrument-3.2.7.RELEASE.jar:/Applications/NetBeans/NetBeans 8.2.app/Contents/Resources/NetBeans/java/modules/ext/spring-3.0/spring-instrument-tomcat-3.2.7.RELEASE.jar:/Applications/NetBeans/NetBeans 8.2.app/Contents/Resources/NetBeans/java/modules/ext/spring-3.0/spring-jdbc-3.2.7.RELEASE.jar:/Applications/NetBeans/NetBeans 8.2.app/Contents/Resources/NetBeans/java/modules/ext/spring-3.0/spring-jms-3.2.7.RELEASE.jar:/Applications/NetBeans/NetBeans 8.2.app/Contents/Resources/NetBeans/java/modules/ext/spring-3.0/spring-orm-3.2.7.RELEASE.jar:/Applications/NetBeans/NetBeans 8.2.app/Contents/Resources/NetBeans/java/modules/ext/spring-3.0/spring-oxm-3.2.7.RELEASE.jar:/Applications/NetBeans/NetBeans 8.2.app/Contents/Resources/NetBeans/java/modules/ext/spring-3.0/spring-struts-3.2.7.RELEASE.jar:/Applications/NetBeans/NetBeans 8.2.app/Contents/Resources/NetBeans/java/modules/ext/spring-3.0/spring-test-3.2.7.RELEASE.jar:/Applications/NetBeans/NetBeans 8.2.app/Contents/Resources/NetBeans/java/modules/ext/spring-3.0/spring-tx-3.2.7.RELEASE.jar:/Applications/NetBeans/NetBeans 8.2.app/Contents/Resources/NetBeans/java/modules/ext/spring-3.0/spring-web-3.2.7.RELEASE.jar:/Applications/NetBeans/NetBeans 8.2.app/Contents/Resources/NetBeans/java/modules/ext/spring-3.0/spring-webmvc-3.2.7.RELEASE.jar:/Applications/NetBeans/NetBeans 8.2.app/Contents/Resources/NetBeans/java/modules/ext/spring-3.0/spring-webmvc-portlet-3.2.7.RELEASE.jar" />
    <property name="libs.jsp-compiler.maven-pom" value="" />
    <property name="libs.hamcrest.src" value="" />
    <property name="run.jvmargs" value="  -javaagent:&quot;/Users/victorwilliam/Library/Application Support/NetBeans/8.2/modules/ext/jacocoagent.jar&quot;=includes=sample.*,destfile=&quot;/Users/victorwilliam/Downloads/JUnitSampleSol/jacoco.exec-78072734337725&quot;" />
    <property name="libs.hibernate4-persistence.classpath" value="/Applications/NetBeans/NetBeans 8.2.app/Contents/Resources/NetBeans/java/modules/ext/hibernate4/antlr-2.7.7.jar:/Applications/NetBeans/NetBeans 8.2.app/Contents/Resources/NetBeans/java/modules/ext/hibernate4/c3p0-0.9.2.1.jar:/Applications/NetBeans/NetBeans 8.2.app/Contents/Resources/NetBeans/java/modules/ext/hibernate4/hibernate-c3p0-4.3.1.Final.jar:/Applications/NetBeans/NetBeans 8.2.app/Contents/Resources/NetBeans/java/modules/ext/hibernate4/mchange-commons-java-0.2.3.4.jar:/Applications/NetBeans/NetBeans 8.2.app/Contents/Resources/NetBeans/java/modules/ext/hibernate4/dom4j-1.6.1.jar:/Applications/NetBeans/NetBeans 8.2.app/Contents/Resources/NetBeans/java/modules/ext/hibernate4/ehcache-core-2.4.3.jar:/Applications/NetBeans/NetBeans 8.2.app/Contents/Resources/NetBeans/java/modules/ext/hibernate4/hibernate-ehcache-4.3.1.Final.jar:/Applications/NetBeans/NetBeans 8.2.app/Contents/Resources/NetBeans/java/modules/ext/hibernate4/hibernate-core-4.3.1.Final.jar:/Applications/NetBeans/NetBeans 8.2.app/Contents/Resources/NetBeans/java/modules/ext/hibernate4/jboss-logging-3.1.3.GA.jar:/Applications/NetBeans/NetBeans 8.2.app/Contents/Resources/NetBeans/java/modules/ext/hibernate4/hibernate-commons-annotations-4.0.4.Final.jar:/Applications/NetBeans/NetBeans 8.2.app/Contents/Resources/NetBeans/java/modules/ext/hibernate4/hibernate-entitymanager-4.3.1.Final.jar:/Applications/NetBeans/NetBeans 8.2.app/Contents/Resources/NetBeans/java/modules/ext/hibernate4/javassist-3.18.1-GA.jar:/Applications/NetBeans/NetBeans 8.2.app/Contents/Resources/NetBeans/java/modules/ext/hibernate4/jboss-transaction-api_1.2_spec-1.0.0.Final.jar:/Applications/NetBeans/NetBeans 8.2.app/Contents/Resources/NetBeans/java/modules/ext/hibernate4/slf4j-api-1.6.1.jar:/Applications/NetBeans/NetBeans 8.2.app/Contents/Resources/NetBeans/java/modules/ext/hibernate4/slf4j-simple-1.6.1.jar:/Applications/NetBeans/NetBeans 8.2.app/Contents/Resources/NetBeans/java/modules/ext/hibernate4/hibernate-jpa-2.1-api-1.0.0.Final.jar" />
    <property name="libs.JAXB-ENDORSED.src" value="" />
    <property name="libs.testng.javadoc" value="/Applications/NetBeans/NetBeans 8.2.app/Contents/Resources/NetBeans/platform/docs/testng-6.8.1-javadoc.zip" />
    <property name="libs.DataBindingME-PIM.src" value="/Applications/NetBeans/NetBeans 8.2.app/Contents/Resources/NetBeans/mobility/sources/netbeans_databindingme_pim-src.zip" />
    <property name="libs.PostgreSQLDriver.classpath" value="/Applications/NetBeans/NetBeans 8.2.app/Contents/Resources/NetBeans/ide/modules/ext/postgresql-9.4.1209.jar" />
    <property name="libs.jsf12.maven-pom" value="" />
    <property name="libs.hibernate4-persistencemodelgen.classpath" value="/Applications/NetBeans/NetBeans 8.2.app/Contents/Resources/NetBeans/java/modules/ext/hibernate4/hibernate-jpamodelgen-4.3.1.Final.jar" />
    <property name="build.dir" value="build" />
    <property name="libs.CopyLibs.src" value="" />
    <property name="libs.jsp-compilation.classpath" value="/Applications/NetBeans/NetBeans 8.2.app/Contents/Resources/NetBeans/extide/ant/lib/ant.jar:/Applications/NetBeans/NetBeans 8.2.app/Contents/Resources/NetBeans/enterprise/modules/ext/servlet3.1-jsp2.3-api.jar:/Applications/NetBeans/NetBeans 8.2.app/Contents/Resources/NetBeans/enterprise/modules/ext/glassfish-jspparser-4.0.jar:/Applications/NetBeans/NetBeans 8.2.app/Contents/Resources/NetBeans/enterprise/modules/ext/jsf-2_2/javax.faces.jar:/Applications/NetBeans/NetBeans 8.2.app/Contents/Resources/NetBeans/enterprise/modules/ext/jstl-api.jar:/Applications/NetBeans/NetBeans 8.2.app/Contents/Resources/NetBeans/extide/ant/lib/ant-launcher.jar" />
    <property name="addExports:java.desktop/apple.laf" value="ALL-UNNAMED" />
    <property name="ant.version" value="Apache Ant(TM) version 1.9.7 compiled on April 9 2016" />
    <property name="file.encoding" value="UTF-8" />
    <property name="build.classes.excludes" value="**/*.java,**/*.form" />
    <property name="jdkBug6558476" value="false" />
    <property name="javadoc.nonavbar" value="false" />
    <property name="libs.spring-webmvc4.0.classpath" value="/Applications/NetBeans/NetBeans 8.2.app/Contents/Resources/NetBeans/java/modules/ext/spring-4/spring-webmvc-4.0.1.RELEASE.jar" />
    <property name="platform.active" value="default_platform" />
    <property name="awt.toolkit" value="sun.lwawt.macosx.LWCToolkit" />
    <property name="libs.javaee-web-api-7.0.javadoc" value="/Applications/NetBeans/NetBeans 8.2.app/Contents/Resources/NetBeans/enterprise/docs/javaee-doc-api.jar" />
  </properties>
  <testcase classname="sample.UtilsJUnit3Test" name="testWithTimeout" time="1.004" />
  <testcase classname="sample.UtilsJUnit3Test" name="testExpectedException" time="0.004" />
  <testcase classname="sample.UtilsJUnit3Test" name="testHelloWorld" time="0.0" />
  <system-out><![CDATA[* UtilsJUnit3Test: setUp() method
* UtilsJUnit3Test: test method 2 - testWithTimeout()
computing 26251!
26251! = 87494365339538300026863386863076577838194687530108788138207420549008719748933976541756561131396368173856418128597363869743651397868550266507175594660578381784934300627979425734859612828890898699538718141221861042319259033685477257815234518039483780127981354185337033557104876765052060181935125782910583602826335636915557011583965036542282475808905166946974969464543071229269688656090880544179769304825714555196707046073057037216843577646893235117521685837858478315833840323839027315862310832326898747056836194387089928132125130113168575331572473638141761358498813466475807763285015078009439941166867727615623144210215452783889196254312707413174823448290368142654867479687802130063683495023245142663127941948238823369918515714403900777628290239546541069825179787945392366413804502555979700718496752437883257915425377789153131171187744086700660760051205032893542733066158247849008204601486070825299674309824457914973265314423185935494408840760623100613242485012292395045986876927058665209000458761577367975918057446184216319608662525124184404917406478164523838592272168082488239450467940262747442436123354367806868899007707598511451291267819653417039542604498554150578135321970212476246359952187378484514562289794817441884826376729838875822868300480725009306461016022673161886740328564818514982085115241817190198374486223467649051177418334869787413924571855992392150516364790360763397877591049859930046785695590180049345398558027771133847203760397159956352370864095109254853872403931436444095273334332714404540599028769389707227786236451180144389569674212300449869438068346282510537727027776186264299628573526268182954046744150556670764043722818639772692152752243870610560099864037367298864121365707958388934229351060235956336789524153967757623333326698497401316310388231100588378113706407726012162899855921548786510974314074235149015560420606604353172080584579155152394128218919021837742110377911607755151247596392267309535040583117443150840492933535475177811488094381320685700065018609693344370908999990192296559376148566453798318473708922781744340438352781943347448238794815904240997975362290133761852209826196986901836531439992530104819285265086576909051080853596333881863450348825501497211940670037910909587023918478025058210078484054432675160282999030431390256171131391901818463923301197091053363391733619669690684480099184573214374602757577390093505472302774656666652197647848493412063155881810337375189168118992467927623191645325112983162160005031435649457796217942567869901567162192217873053173033836377023648756666749090298650544752259490789624979287955180082810532545332583662878670237045478058838336135106253756248316573346587318547339285383358333345670748492757396229981316875613339400673920334550207863783106388330178539947388190050994105381138418294559082692331479962703824810878662318624399279279531280186701440443872251551671053166578175731473839535836403473326136623479660908690955786688950023429392632055182706908822799145737524981348927417653323757669113812157248449097930683452096402315127881197798488805977943227281521371782242842611480010366686228611196232024660648435210983129915967841271037222697860506854453587608485467857130469669521518082684261999989313856788842678977755507060391490606127626462121469556157109013745852328998468818846901743276884100586538200002743119085653378421594975693634972235024849424204711433266663762682025805955653151459163083340511911790274297643278087179834856801315759660879487371287270248158369897043763108022217053713306920925085241091808600618375180462570577577425922100836370583888619906610300466984124269631588762085876133777633219154195795418481464389934005629038296573984562956830222330549609892559184489202770171103336229896395743442361694044973807641629830063161218862489327341138467867429284529932522620192166461461528772022713312313326485511928290562109868251333883793677650658878252625889281657694359727807925023352488170608284401958333859319283295258987145413973223840202517902525252539355205182916216609784717999805748111693146739791296837606418710946467739412939921807013856878243158859725117825060254056780240728035728656608888778438526721879771599761838095539889072664361375401062273847141350115166022425104042136816637595999445633968017128705388611191958399003235320987299729518174914012602902624611111055136160126200920846362928370908532277622358677385540929476838860730899756827408087073198421628756257272249268923367337495689887914535158838696073604472338282614665597809368404661020415385835573425992918714323283479245378389333542844955096154163851784853099526873637297262270347167520474162598704213333931790177203134759897895204654997139831602028798885498752990578618241679149599080113749579866134683955451303337721281839700186441074273546217256659657452212168001274106010511593745672577568266740829592514844906259883385740339379887924102410229763757400629984430351765959694511813176113673887661314876599255837794738703962781020483120622353953579028761104217444672065586235707225677956455621903821089087424986555470517821841184476501161485047246132802806683642304075242987478034892791418471654592458609931979384013242122310557023430103477916848448518280146502271867194851564921281700482675069344097350444451058210402480215336030800135625696291150201677341394444213692586532657568952790725769064913018460083406858363193041802660418516806533876194737082693541818717518474227850842980274754673154719333127687348989108997604347935672663219029120921380605118329061143435859323021665459931844090464675193045628204703040618640088625810857095533315103557387990350358359520750433203606956333558815298590848698535764227777272900753651123982789169014240258770643123452889492247977236372336362453177203501975888538813924608845455038296204009716860546952635941667137723172666602906492350516108410832671451468657120414342678193944720234545614998595968203862562885241238162468087808981326625180003908984027505968184912310251087456495819564248996630585905473971750334486243629620281495061142483011749478266215199852033779846802846441729157583033197350662109320888352073999258176465059994600815529778244480659615059688956484306936395985455510728756325466583203913282406431046265597584028733524460257998985877096249040310612563704169860590330402651755880540534173727234193129338041220839153702566148300535938138811913896115769561767633655992392590439471677435667858955693308664916305236049879364306643771203908075763675322514538737273151159041140758737370579880366042937636234332740938130674154960467668778109951057933160728243294025081370477555869473274901363274583168351832777999874425985462397789489051734253043381772707199681983799887577439664528782641930583065750979836748076840171571726635122045255442534138331430499305818265672691647102336481592051242373437235493692716880816399454514489946663377838622697946676244716075192919871187622202951083155005542358968549400280124151921871831463403661463189828726485580184111998226873900609857057932161530414798986364511636790233772373842850808902984418457449703295296425119075149242191737333348081466484656261689705021017764590768147036021825147892665817608639176220195186544556937863359128702488155459576165777497290845791350660572798009282171244774381371460405888023871004670381706829335020272099120691916058598452224897487585225624470945183519364093143096331946480170663391154252348773829718201454379225597355959717226235310006397757617990854498597640727094302560351382063139525119766326770931967104742026449908257639412559719954470558458983725962966364193884391882257553768226146441200530433639977414669186714921466460343368997448296557426491515155089410229487330428244220257385055863196425737871609550593986727116878037443106711190016343814852560554803586061310126052560961371106041544598359494377681187109217451000480685733763872373406405221258504891012451153352905946833301768338627963070581796900439761757209203412967592772850254141897963299898840482414250762815878219940376793624412502925055866290436225956075019527404962936610340958681310518895717495738678250256412457236687572734944687476747501541317769109388522168636799753973080914991171599018101218682093861011123497271440666928151822158076957202959759885705473159553864191412096229069806727629529910230341605910830054529536594650436892732859950426867279187736133132877322056402912700133589805607047015582354945894475946742382200238523042133649130802108895967469731542555693079507226786620544583023370270268903981111899727386868225954730374963409412241187287223180246150149892458005529872945742405727638548717243350462217237625081422946854955472425788198869781366966564706652407491161325756757337019495160452170364359510826710351381215861843411007242569159623132790393372202300028686818412469638489940250794470069205361232466652641114429993475543396783504552125897904518599487321593456993536460999724678913964858082653466408295616517739682263362152393966936939168345924833656505222136802212986860796026072815506276658504352979256386677701135236558901638782928317154158892385745649479773938498415305101950208492990154059633727828395838746724132461101617775405236028394177118828713650867305035869291407032517129190625244464977296499121165255371929485404595629789977165381512511001277144519206452059443744015041556315010798271514739187592390071630370615754644194481139306423605188208246861393459609718255146090453513609848473722862266785592529531315542341597515549883892011748745238272684835482579630330811782290813124317380169950787942647545931862298675725423243697258813598433598957320561263390112072455982738419960431412967937799634064895285184766277836630244060221154071848295392954258966218651055403177379170559977936249110146041790134535791760782301085414797056179023387119221472567440820283953925922197868060727987297542949305226079977839774828325590760854041511240731068032968152715205695803853499652717466067326988775278911292608303055361489293163622570389778827169472659268164323761819163737376617864136242883217747308955626525745438912334764834941168097316900134355540507587257824134874030347158258461398715706033264277845078574510793406994109653071758703852583024781894915121379485243369027825036620157361255088943585562153656645789068642596260133761159765862188035641172727031981566561945774129058616849571878661117125760211912716550361336219258221861675436975324281817113830377329124880730799404020300305028245717650377332954966033500875863170325091414945400740374641806904337654857383338348218924778298562542699841176788904127941960956320744912090441352749783535510315174728944809064169027030118546798526911780221826416217796683748905006819870592050616210125302011503051827468408044704966243743130195403485868846478207948941570018756274095028499173072407500969614383955948661174291381241184365790534707922934821845103106132800727582059683548117094256451490929242049815326878280747404669701997401770951569614416546046886862944701477808666100232053183726714459955450826161743786799112493168077580444447336993211357170415113956953686000466097805916350373605237533396377191123627593010643385405632400271746824860396747687315691155121317989844166584103058853456174296569371134900210012296192303959543465938274080107176095650463690376809489183689614965493371081494056809349687879575060466369576114743577510815175461246309952037419268755343997517331171532069103582125527979442399155741046003241082969733343880010276200048587036556654330703392855117207622121918264167347372862397218103613509145469601240083445943942840129785010355581786686203564677208553348472444013704925230237580242891018515927037084775473093518833293638885366225141846042401581571250059149806880483354357731595386006095039379844945627157479479773264667323902639861805879821521382924851949180254809732600589544340085967255057961540466170833493323243438895545318986064713834488537428740272462724854701624526868699840558492641791646532651116972242088356837109921331727768006285716935519044176179102527047784674209333111110570349331478119900934037164198855853084582245278732807930317217873829827002845363452371076523041242202209402093641649104654113604308059819883104876649624543970001842050991346694275799960366888004667924468329415056949004388762050574385547457966363852911846650513628766417437631380521667760177121863966104998420507085312795584244428950182155898073803429549298503032904951968400906841662496865643851803300055755696734835142608621450085371469994558318732323983636953342616947511939263276684331122035499765084799222056860480359917817840495527025326718460605856499351998462030253747854015869501130341271812703409875607767195150200997493393203206436783989097512693292630231313621825551491867936220675054826757565627717608366066973145768356392265985002189323488402572646515081432252912266079825026113773720838060376411412900808326722215280818197099927448286026469030806680148756449660559266247256381234205487501810653320558451314211771286318185128516859797960726712457920158545181884152868651739797364560051674298836759382953913824584695153366124683058814935182280944310295259518125311890450081210442399112104787114436211746386374544253542399569030298036278198742798259825783074248665601312938039631998769336505354067291169330288206421099447254197250271406538464099025246484062157199212090032219582340536251645241505984737459914726195047636664446154009372336545279683473565426578569057429529449377930014681928074147685811956253539914877187636469471826468409678081915539547626914127334195181619252929836282497392714530310671802099070675976170660077143378834742213118897162038028723377118264076382719127596259520557498407971117480865995848010838665415514035298090428304430702240330601822481357962940901785955958250108791067179042373831984246541100270553253221504407478630344346026247309084019075569230208107064225439068531648441635389474626636749083993676739388409004788674716588131117644861092167810923629438799992189880982243084767609164127415765233723913890887619097262938701601576466559024846808269352051436417006380108822583934560682505094268715810114800643133738030377985692104676082037995753430288475886233102511158587272466692794002181602414247229369805503942014772256144847254320994089896203958980365014426297886522406963896302966622942391835857416227553551779049251656960307185090950370582933179600606368707567737405409166450887816174477187923955615985848232455956000808500005958571730878183575593893994426392999279682756554632569191401990189283027628937891489513599702927926262203077568442943763607308802194169440474815164354981763996957818867626866244932343755331846986075248727083684456059493118735366464808983555831153452300643507370086499744567415248770945065540167872333155416463209852189306342937618646015921766164273886987610619167506827496623367618160278112128820049290982146423587694698401502137153244492988683450857614363741216181726211361104790074651197404000877164045384568430094324559615677073168316799545913361862143868415929940067266269039437037545984623998836029273913115381915729690552388650758806234103135694171306795384552199627654023343254037211862214266123965327375110992092346971636438864263122212934867874380828438293505471698483998898161881151542043672453761434258483436210597551108843127509962493641200995333833529883001866935298235998512277601797233844415191480659907769655452465178075385579233226134224523021290309274922975009800766181808227591554891035599032087866020628769760002732668642375162602871841051440139844970116792475754840434761766662268993916892964271441490460850035480032725480775329160396641816069298147696683531307787874798601521330211689336161642450007422634242904214798406849049967432626203256842852460709610797633698651089868575338973640062924210407517590442347534187875272844182080952778233417078353747703820342085900522496785588561321609925910655687820245976560820881857477320485252597750942223561107792909660929943969502134416192993920687791017351181445349439421926089382510276982110278238815085183152908191773528553307828949291808951082007937606841069825131925253764772189944553734341857561338067922647220483285170288961173675750962083503533466223618169557693655015773004603704534549435167445879814818347007123751384725712888340691338432784251887683211380281061632323309595606622003525801107704848895572560209290234165779674072719904518599955641390726722275981478437895379368416457480251368098695902974159996113101640161752897974785540891366130963899351343889901733774032400138868053182143706262621545331580147905303371992227073119517672314896018658180192650952633405247098373878401980387135974938977453445221057429852240547502079009271705114166499524662423846964684442261417175730629202419777889950876974195249745436909372546594915501865313109864898553198965591248027231066633110477102195390353653402860558222565127608110849781477443738864715991897223586763986031785115999679680951262052995454808194558531698385715977048353012401746237980284510743450338684141490966788417062429934543387251454723046154052429500450503865873663680295238867111693618564885254445069136063942009986913595825910952844399680216154063132252018786697165297901833789169798196373364465619453272142953428278144088937237562909288733036430864808901020486199961406922023302610909403433443753761893569077190331699858168240953903155848145865154989585468485550683938352909760829659269143696968820132219441339318077745802186731262295255608139547825577666446800611016163403621860230702785475316574539603233552948853755421091744193202599453574836751531453217898970482484605283039420007618077230101079314936629737321618104097794557911499533379163013586876391101432655663136098885424472444426256168907992010885840227944216303951290557478082347114685462994146907275301032043469810899211295391605677047827459201470484176956500036332736459642866609942648515424215211988045264747785360352264458143008833145993502008132037474211142639482529446043664275586501086160202104559681742570817210753611902612509797106239885642711779453920421709380088914899068591856380365039322367753051301482073013487158410139764020650597373800645586335842170042917725351823171251157078397181869202583571912809516241467504323645771611816688148780532635591569954173404632632401495191931030067647586650737429317385262715795898818401821896666326093726903610302955930186287870862285986276806182373719141472623963843284966039794231372276439619765442776220681855940852238474108963995572189939924357519472329897890323399398254763586700208119404205159604987991599764063530937552037544892661765897778840848124096214010129227529385201691146434022301109813484128774135630889074376746948732412171287492868862678624811490688427753702313347794920760076919852389333721954875832184928753589956484950585721540892276872651996859770138609289402899929056068874547790163824146807820378681093583927580658302391652712643798996018987122463794975195421679639830009983405459051732614283147288444354132189887330345389757786073994836161035066426597213191641172445624010953711709527419128951149932023852176828609020619455541067096311672080796655941261889323440315291750592197041343052287779259067874987150353162395213706189814722945881978717472236485108064607846994580722320475947107569143564478108774114912305379967871906904417922839262254883890278097200843490375288995195085362409175499273344235605032413968062418434800508207782957579351150613231123961180741842703462735617507890143352957176032978729471445488813947153474440031936460734771056567418942902191809549335258027737057574135946280290866454261061125311682003574263884154130237508214844348490150496905754457507568143197421368701935321911461742741784965721043695779317408955627568397679748069646651151685506323027203920478614221187594841395282547116232410581741193875347672203994505352807520218293617518304507083553524174497019486163865566851406996980709620612680112250960975835036490308447347226800837897709813289969546809963321874619290645812711523710779468858213343037340686863472651528496645510921759207500557797902866175710039786820474691245978585675552917616936777356764089544345038636867316284289431939615213465621401153205910139070150786066757067886905925683447776198620393825529423413845891796188613715973904108639028860509089878421596492558109807245557583478549417957200115613448093571896927757177344958808740867114712674942238948741267722424862390389165962708817715392371227020188258788563063985099501478744229712017477605709762104637404813127626266279835785248039186823093341739884389479121367972727453907356753525624339523822089607818804402561794345883866145090878221950082797477362883357727836560106109401703035021225705360325868292956498651057530971388510517137838148860677830468972339496139289736751701814084918493368915478766969500138594534039185340931068138479406766368426547983085512744222003787115109577771720608005746386464590846936580664803460464190257379316461304128860211283385112980939431201742816354077862913094481615122283596528515820636176008903774348314828889725107365703710217721146783846268532755303116947724458077476346566451661261506138972617511044267333073667900564432945846035076449524592074477312917500387020496268081355220024000520202167403242376305130437097944987624652267428440396461123233769757854060671689228404774638553155222318051827706757241025677778852524957331836921010534976815827552533230238291652078446718535065540311024448625338700842431442025249648076623939021092675084128682721638283392124572733314930703307908227925054481512497886628447939352972550963536385936412048779019372825604989617782993290978243583570536275233621248665508341248345347136061714219471693069759566044435516134356451769498716082222336469752134567129398487858931280856498963893064316104057840220842359650679356673896973453019048612890468089285173468883410609442326399874580686999480098707418136099562365008835980724558033996445766925136761848879215833160140943103011969614026232424082528718065789285898073535181437294575209333560254250968104135783189666358605623087231437406861334172911884988502631911256040755773585771738933676603803191678426548566933675081745725153996331611375359240420820838775454856235551776770726398504104804586440633969637437954358085493418912678660945849313048821786893063512392322585353397490488534507576001109746244314299725085074466440378833132557188154046047389506783844312836671512158855668966145769423459828350085846661663464192441373549049517487744139659869746022991631141650402361213799586658349698830663356780698531487380866380861667825889189798394603808104977857307707921698172575571684898394317525164139626947881964623908815251523882991249153413256125152198359240379932792224014785059665957637281557178176380221934228080065563270447311806657924589309632334564055454410937502474393772420520937965688227440506792228201994824666936262502490640850603726133430917509894144945453065911103312622444108602115282834433604716611391530026085812818528970316505841816173138269445181591923618674634718281774256303643174617444930533677101824923901275147774035131419037778168924630247122978519722439604647253173979644799115362676363043352989508481664460457154013105563649597615271536986310851930743457030737748638991256214951036524310519601046336043488050977124789194094729002011387236071858454177043561053288617846257531172230091130306265388474356143015937885817508475570375723783206444164070004713483261843079910146977490269560764141836822665331188923439147779994971616743122928448117316506136500444700090648915847682790968534119888952595373440237087689681079241908666565713290476203763338013864985511127507472293322737153142897737022959415087175943419768713565462551299936261054967759922849280503163581833382505660922189304049646942869616133464705846082425459459605402315949358533024998076098344083729496333733627711150159126646170076294335227874516490566064208723876641017628795329522216348865518318706191231170281705868566671852624474180121085357369207573161859514112255998122383042926313115778450141967597869438688276945994014588163893555078458177243922591057045429515268821500640007510834445566265888667796844875751398698304428010751826964273150498096091673195282649736083036339046629956430462200063008926779752462115411280414908380959052371661970716861827887850265127690240130683393210980276453538308907131034957616091054308644193290076543041890839647364364042398520028304662301949024723045034948605631376574563972269921726729582261972731378601699241723001563533913523450629397641421959541003104802376348250763827220870129973608268375224598491410321586141640725141416128565655094616143201775445674966163509419410655200035505531763293674147007788806803348728956376577117707978215815408357490593913379491381688040601663726595462972524069660965662195612566190711935836182584054830130052432691398803959125181411893454269241092674261136736166435511238226402394019114967535876984612249838630411557284144242039445960005632269805502816753516105011284974920313859114373557172178755488188923223499973193499698906496613690772823051395843396924461200556406513176322893390129320495383758146735189819106209850571983278643518000216669110082035483287272051902142353443573655642040186521133919137297314523939578275268453097185271024760287304020112078385133192004097726971496914980279261412993731595177185232728582681812206601468658179984638200232282984463390393013130341651746293753713913863346671584743303891538411196226233054403274434044728121387168235788200071856767167925697674525357768678407044101259343734504716357510465374070433316436917480189664758002272339225334497702363131678399549592980196906844490580883924903481850978234827619857745555216909002224275995599049147909371328967872544126228332413937795943521892953966692270316319739877729197884906405314329359251535957009271108529210734504108747285190659419031869999661822999443040321422648751262814310806370529785544310976504886750467579528699462927121098731457139603672507949954806080960038187449074535043036999481817221572887567672459341199509909786809798665541343410701749278025024489240677258934164666063300266699610295473951600220503085316455503845697348146740798542314750226593332526050564594206851637316791973531898790651373347715166618355184253094499258109387748870971649208774313613297052811882224174445869007974234539442341443484338719597483014633371261758324939510421113091297494684003407419105210972109528517035362551497199184334106488191337439616172965282953456682007433670871357100895045279118798220264085978264343642706172482810503025305396898232072419818564757311114696376549410690217457108870004522406057418891814115596932130977427735675697921520330388242791299723409665493756538724747274784499499041120557182097840507434595880900485263445123830106100165534957727054336172037174033854360968799778740757227149370755811182569298307019030235182380803264440952856879018478733770993256035013680984130813755261625143808807903838660497277655958117813685808955713643576925717604346321205890864705681900056984047238159961376498083987740726077586735251786369295538764548582860373020550692998150896530260818862134804571981353238926178601940651146893276450173886241010051240776857593723075708348716030246200395439122444223355031215451688346787903866574192476909922670654412418746396857293190577740736904620489773445602863229123542857001229211175029663625488596834289983317465885046512938388158696828432587643690910579564650607299463864233728397207002450256883630431171355770355131716501074722331118240461748001755156553817385380046071990165103404885379870532817914351779350146268481459657896024504556466844081392005717875359105263150610066483953571868851660836971217677271476683961928029744660526859655011703821441977892165358945651933543202729471950324193721871290108300527963844999658729804188996151061249094758946422405929201573600259095276801450257890899573298481560792523320399869702392838170704000876743815091839060279971427008395570697383787615807362588756914216041330900620205330392484188570547957769641364409797543432720470182127848181974412093104467306674350072867081918769820154802204140587069837405167261885031630871788184496961694992325344007429529521463059296453184475339168079424261601768355419427238613994381002608232229902778760362728503917244918478280853854093803628760502628184217359191018700400954730779586891590222233280749575844891025066171747060603387262451017010071011275936581996374507643741804232082261938136284892265019037429021659035212783857111216413887168054625744630118022044633181961489716518463032156742860647037165743065396379806729463447599253847062876900962432858464125012436692656886355878276288801162112600915341316872031083555670436995172212594861747700236541143449404946406558503065636969044583897855109471242478584873718016729701651995825105054053998389766039238419339684623168907277749708269013483522176637717282457057556011383713567738220478095929809237682295558845597567977786091195749879413626597640337986968221346884565001868500012985397495984704451095703480305418251944536825399655894729422474180095702196346197199835422859040835147643934794453497410670579662993676672736757509746423652149748536962865387892384128177439141229399509400986082636235935049699434169248412463596545511048252085532798703834896127319581985387383675622002797618443738121624824218973941680598240202485211387152593736867605261085267170198545391079842612351640007047165300598733883043261148085712544539682615797813127157094224610813426095856792469356074246418119656978408243286320120950334477100847860271757695759748444608937626103649405779739294748271310811436998673061294626521667921521725346935556889994309891096170798698383129317252066367862891585243749887698178669621913351717639865717488064846500000993607599867171733133073925427563574069505878272288042488631342385817369565411278840762654829864329315912961155492707117366781896612213878635541011224331951773255381826681775092839864047692336686339519063500938654313368589674747646164554297057236464580788920680002879276546076275296916747242370991639582703276057256232557685775777308508304728648660132857253693156166266699449141628010511179022003110088491436007147718960755992442108189548983085853703752833617210215587096045669312119166702851606611679603645230140402047538489961361474137376345627906011835834951405019497861930686627378208741978900471963720227223463360430508223050093284972493065411711845216440885565726372743088106216344109038467422004126513770172837833952765428763429257709013103775092246845318394657244405122345186584665842793817365846440577124933949420164296609037571683655726018952773252000172695858066577457537324550910264414384427877331179458484471705728752339623434735021188575629383633270186714647701240248490886299179605015506622567356210491844894196446950227515029289075000472361657930825829710753026541542641914546736325072957535038117343651342016494346631164456529862875978563200249209453515500203507815298940184680854947475619509293673386582936535513511074591288607088230354256538358563207500189240592136311103270895324069555887504266646045297632041063245593161234838513091248656083008470452605020532015406375043038231857325260691276699372168315767271205802773609776338007538456539997893971646477052835598665135003796995505413944209478054109885818835122508558219312832255771615339869170473742171746458855582912432162992478970958012002142952048447539240193500732232073864049530163050531707167033419954557907895079578873933516210930400658024000957406716291270801800224233810409554592395162667419764902673129078153744310304554986964829340715559544693528971261720619047286743061417772673665666877405262071901248220523691153312644936295800999349305666780496152603442697713028426785699975488674214277557527112678026383338034048571610365082419312438584479332705040931227899545164672351372430347232770324369012033118427562737191896312514717513546391359561275949733507779378742866912522613679440799802188760595624366899431969534457942029707852369374416235645782978026164828454983936534931792398433101562916851234390867342012858348780025994960243775115497237426520574299924497484886301510889211803230338992117014162652244816375946390869319452425933991683991925057426179910248330268757624805637936401918547063348418172966973945998481299632725734074501341321670112188215420260062385874613283397576966872969694276652154364027741689479581795839243501154155951712711217869685529280558552863339517307832954486265062660029025351494493834319447001526689109274941748933349862472513266228353481536411906822568540507132045487609489378451998392761789652701717091327751322235424276371630144781095347472265600959716587848838401135288903671570216545744380053795886450362718103962549642021824843759171747496737251690190657026492411329027255375165108768521000245006288906230351550029065164248134840992917143187121986885939504551235264132858967338525477558396768323216317026488359928649369091039345931360518690748343106338398046049857522541316187754049461277816123024758457989736000945079470674588898621685073664846915039994781374061653562989296446068004730979309576232987480026827580066769033025391234678666700907141470505505975207309064816405622352647410205808089964422618269004296534873355689792360667263926997964506709210862262007780857210862966476126154891612460079383116837405452922977228514201428432919811262000127454835826103569296252875581213224286113118567744663307056365388619625493879065732078763397230828780265062875084211382514735852871548261394252858859608484586957685902307412080167226962190048257525092548418748561573204620926886698071200687745039862480782976538674787732112726622271429059460719353185334315916607791252806371601141857428931643704561992960144414312971851482470250993756443697634973117034655358903975641441682391080748988540066156624261023603633314476409096540018585113843944932892934442422329488817637272321189091897479667382738028958704636116906231651946400543954724212547787502571024078935127656408863859414447072568961155332865916095624307945702099603204448726329876517042212933247292931936945735232140698140240964846173022130841305755779352635708707685134232301273341182927866961701284385945933770318902185723271991775899635751690306950461831346099713300035077010045331924824963493190284288815666039824505888009144382268707861745870475411249345010807724254794333124948208967908220476904355740243387179493946175006897157582423542691452189562953478927565759876673193180040932319699011567906690297518454303299304808131701618603769115761009913737561957030534461001327206120980035028943206873205922474284246146366511495845928568266391128759287035117681406894963770600769808427686361148309395772546753814857131580686745198539069581647186012055528955753881314237569662089858568961537595379166747011896792637101150992835189572649791227759569184921051460731905412128599849725546647235638717110625701009763591679886712205750470770906444395748604908046289220996551441916875169247905926708981323178776133202299208229044678828209789721063610754420114542083487206148145037383595253724498027418509841752599335561541584761547306378650276136864512936150489974700667434946658507211641431298303987900931570167191974697577754524575046517070592800312656864201651383342680014537473327672725580709199060987413735178692156636920619373927345051480417764789948186575529363276638707253713199882165912820085359948063781161178002370414485006339128432302151989921176123570961504032055535639934558369557465393441879959145520940545300094078818332234584107281957175233880413389687660367416932411263122294899705686874057232672390574534940226777433045155869633655683714300476584352849229527505844555231359297315417895337552057428464018159242020958286883164836233538139024146595399869312798486574866351122977985361147453261800784869432640369771549948988198248333675197945596146548117290883196479049600506051012558419656837457214921920506952086292873720126310409691623241275584243711920840949744133176864737412189129341236079167044914580344806108677482168783552941495313175708369722274373004253894433386704479714899138195787901900750041761390036676308396648667187008702938444131937594022436568415525117977302312389373924783727517384581387895117872953337875223087550457506366691443626242068409303837618245934364632754454829434113149785844097542000805262326658064994750464498112528624724606591476386266668331718691934127912605761518222452240240927088753167087389861428741319925008147813628259234115461322905444878936047390120376328644663192975981821765866496323025992133616919756317306135540133840425386807359165528587232182011584029694518352130295199514304187016815139079517520198146241278284326971581896705012165008034538377111100797160182559535659653189131157255768055211325312183985717887301099432035109121594266043945497341951575459664606438546405052638470436100853142314562283007445650918717301188801346128985089010667794415583246557439988802580041831694675526431760047435192289217716789723515636579353765327451451399629024391781972021604025324337407616101371783631778062375741895759620306115164149927738154485396336738753800906548380620386638791672837290317178954653417056634317637521072140893798681946866186626806523855921096006211771959806979164114473817743947222363957480689660440751148993057808438286481302300369434987638860245007110919505054061423247466945716866445836586759212431378136540544817003223237544532872110220108255595908100754497811872408009466572416829214052633161810668547444013550876927752434966592707999438431296747204851176865099274583367138657032689401597653252269808862856475272250760405801861394712295035877643470990451488463413863181710927128749652569133316528991043460083939298750125289386361454532224842736351583021776429874809338102202227472719133185382363820407970869074888462800660152737817123956696003349339707945045059931322486938407948219803734425210771732668088129174606288176170076690485980906065768458062453224062809531167061946321076860427211411628654270167156514782087120736919104819366913346888896937526510326091724804393802537195823802905333311798615744577069665103477378492653957458745724287754056880240220094689209690653289361362966366089180560504592499782918111197736493982759304174850280607962830616299936359054670755250790362479506452107644095817912894685903677141423151447068380645411884444071319633826372983114276460942973127220291066252409925927463460394659173574279112569642240314535842861260080532988894028604325558178532327226263209659251272295039923297017589950854058575422468311189832635769279533819378586687301011866334585857367413766454309419721961622219026840184302960033634866794909534598702420768219179073531216477985143954708423332784850595757357218305059820400725783042233300992677503040828762405331655853739022473580743665370152362333696919275905211074448631300504833050181827713477579225540066123834644720503399326389082665901138472359980947398571665384276352601866871806007175162028379926417562451760170661334105544397152557603795322358318226059919467292586342752612342333675768289716105539669378857852239227925097757262191584480892973755848955804816614150811469349620714336193842449388473157543012519041469595246410475524584419830346082315613443586165777655600022956730622109717724806072544123364754770337515259804750640344401124194871009374195907725240444014958684259359298335524101163871420813516742660760657387676226790281150202527622295877324176398319155029433832026641081204013660874176607772264669665376727509154869736409994873199311622514147268536106448174043821259614051406041017973349631261365727162647129860655290208337896709033748439521015462966117999114750156637950908183370480749081780376754720774787651188772549260316793715277660287966350160526827125104887856088588180034118062684501617196371973279223334436696501625519994264479852594326668176219305641340188326921741694003163677516268372070754163528086052810861726503043664717359906843990554254873647402080288210635022593342143572991459228088086014124243375011722902549333239635618233232933107836487813772226600388484179967169196420758613171146207915186977335086532590549949517535431241871575758138150746256715198239828350870575154649959050459556028483002372424081394862208084832588640298503325916188931875693684697469946626475655890181561513541153148447532876466887100074550270673346083433813530242731689278342695867145317757360034381010339988701732680637006110812629472600743913917778415892640312491810956373866289455145386734464217524165020252454864076589720474722279678776337205509571461380800340939465424748714880777303660698105645636073968559303037260467887772506246922867642575528269717415343571196680189679999458531530248813214790275546529358844586482223353339658883671362149329816704754447096894307347188650645233910737725343013845104281314221385832016560075205939703450461447834727256995082619236583046120202673528346252364388350035988521415473969960658690857802933883676926946382274385576370038581125833916251958134847122800443981793894522622135463160747388157551982218349470915521584856970071744536474444092565234269007818374000381674604333098326864156714406763561146325822493681143220089742702608224771333630372311620588682877064821217595513791153211587134747865815668605951562899131522440159874433758710119825585431170053781521321194946322862747821845807649307549815506917549683000812975039798229499737681638088501019750096385330918132681149051826970985276363714711490933942828765961790703814620063696025358561398199209001655633298483855492963533373146127049997687979708344097414410252278196926401676971306869462800000070514271285057073293365636109643711292592259403230184217059407506365003202268460219170973503546617912895738444627987045005735453047192027643721278554617054219356396391793591012051299745386994849123152215752314114876123711713670483553428668121628492865498081030172738084952675022373445303959824163884256578116356586482190446010664553564465964643918642201398270472569929975353681932110059797344641939064413268880282591987612009489136720849368446483352781011800120802762892329327737707492575074214158853351464906650435358833138928501394273961824935737331902272899681138789898276970375223141485178157668454309571216544260946361067082806603239014418954313759278652821915547446280719262082241905773212069612283826551896382479218797496046036312040028295338676876810933706633189863185340107194817073104416261787461064144592941711595748991884187955190317344893012621568569495072053642129896862125353893575525711188682964688687639590737368889428465077381421040698910767783933623423914574718563599544017415595504615037825285518032416113019400788345448611099081732706920495931536553484435273205751325635487675375283703378330474412051540460111245203595591859671835946999557330932865445757314027997250850030025819301368620963638387586220278394767638228370389737994309657397369885531707737039647146251146500212183996148153220667844992483624538580218632556764897666146488551330031116522871223143292281537215145759062027653538252126414995668631726455373500300397215055962422202850285008492152608491991688237938027913901293199497507497639398714669221888415956186654460187591636709768076797796378230653465414465659109440870116445706409309611211451732402896916915738775265690233670786619905465139538003531499855245392096181557745663782292695059021145180534428495897561137527366827972937722986187752473766194204720056397579575296137726593637078273251259511658323530711432896658137041745353392710500841639213274010302856425993649300599087376086073653531498955227886189014584899667519876433963359281379756859894386626094783918347624562867597237244649059624550920149144974729472112955258212412931184875641630888546055888262643258933445653410416658415940157518477851119976084519596313268963352573126677872374714978413411193921340898947324657898004637775174873108956212184013045012936893056323700097942297044759788694492971774369278558628363229161954527801064620292633946368757458800498841794441093299942232509792619667278261918101876889080476775068726480938961234787986338367572578397047777268632685437569414805373111487581894585853743831039186234266370601836735918764524633902850519081613630142793984758353481054918736458790039034313982880009837723748465080787467274443881294207202581959578888825633901191519971376761656581560284342579040595362401259963786737733128724735674333482583580634345418078889848766201437361622799291960220233759877172897771972589011228066428750342511296673034492186102468094345925647634231093866855288108052827724265339957536136323631403517957442200225153200396509197569454641787381982068178154590400704849391616985357860209631439645520614593485109835429063353394437659455996357323032724945453008398098410247676290820995963965691518576936320719022412869188148199979061701481521833594010686425851357810473055570627424868333488006015236230273828532182200437129051245589201326171039279614797065235855976794552582214945604914548592279129542743441899894514183799972103746844787652772319372343144035654411256952081526099844535654547564019850804532065772014218759412763801955959866834366812521054284874174158841956916198659212536862854509524671521739463349691964872586480986824399551999994897240533918001633852059474903002119149060825387283386224160084771452374706723363815489121050178084383345741134310568256686788611897882080858315290566519398586188534338005007045715101810974920454780832146408345222128021395243791154868229598455975733124469732834820582917440962750775224370897119018895203185839233511818469717591965389635792277642012353957870187742413261991447374770328490359791512319385027485358346058042133965870245022713346970433932434262777246388486928778657957171669084480143903365299616786892656401400778893520606904812926666062692774336892083271738020958965082913714738834265795523986676569256593413344735043068565616408849992978367295970476624533242240784462538126931295795852167398327238518959646933566761713954478629212692638021900245670546051467543202213752727414421640101917977570841840710332083830101565680844787716135722118804432916743680191140200237114025711770080874877606061717268407140568212456633797690090239088196656847102355950722142180637055144241132736559549172833187863057719236228629163443638549147660009936517020048832673090707916944863680665368439977699471481841010456712585730458132668130078106533584076993025665139558671533136587025960943620180088591970248023297013421913613107529047952345669553625962532044551638807616182679196150762540296413002438233915325722856880692292553421381163183109031607581996556973277962769434597341136718838619047272595757857660614126161328834372388916488071889022831080890967633741485921490141960584095782532691206648247635393704952997182127112562092593942589825509706014764864770124801342097883999840436081672213431069122928679145232337530784980053468217498514708985018436144151132401980902300907789999576606589508096021706426982151506934130933618201023030864661669926642083571110873237560837078531895967554151647749336391546979151408129736970020042836128881299909391802259299545046117422550812723119620557625649880512722249933088112948718439145302288670081245340318536044245679440616834834621966026290948897955957604070971434278720784530528361683792631584976426546254229887034534086479083626479835222497250854809552002988987617686955513459306790460160893339534726881417303715524083882858230459579916597630192233752183748454836825078035468220354064087630189147752370974507675066621876506604738608868710382970903086338016305150640562285640698928876391417012425505003964671486128255772027330971888915156421399250706713999558875375912530763372205286895405454684208865626947753698552340461922028237055799861812260749774838256540198572462558809977180512510394000240036837513525053708069668870307709987084159707909290079924946604243862117357970950766021912029440677629190852650678388599554063493602496374237784299209940727336585382169753611215219364530867590299450667055467038282897509362857545498224671348361912427996952327649194524320346599122103306215845071763841055028274231573536095167121324134769477781436423912096922029190455919780868948776053859482681219300621260114809389604437819647258160123798862482899783732043527944987693659830210694621761937493966046722782492059393101708649593330203095790311090655774087361987770352528607204605858822324303619555410816135514577774495034204439544339536155388137155284478837325198451348089148968167830988124374907574142593967508261655034016630445339544619806490837291376127724710006263012892188783891471501205172630055863062243587921599236861233596853954757514701103066401500603368231034188856358916804162775127762022147227458741728503844462848426796752780270855793543042066189957100379565365239836805891106501366298069885534945559803625663666736328125630709256376241814954513350905011250808510601116291475009676872857994206012611849501403256344753981530291142616607729955778865667875205937053665665410170797356534223578551759032076387288053026547101256656191332983574666407848088951915457649890310036066261687499111862584651046839028138819551988069140586878372538760934829736938262662786839175843553582582535683356402603138145828837827986303609015751647297472253317660154589284997826900565877705185039977836034329066749061290370449485236933336319827015679862226499406361554721173261800115199609748908689871137430386666655707777319760901202848094725816901854993915784892290208038501997717459108651751532088702746235262629036139762583154644456121253767779463155910174271638357207481825835498947289719409089834500416696756260276498323189695559779887036311596468096762658023992532123990462271070661699018600484735944116015256636313497569746004051137950510220149083723263305649411865968456454329872112053083670699544607666405982572394946129051636565723135802864816358647735108066779177866639017529762288299966399246798421350027294002470195320323135941658977545863622353439804820711433304477222019064274618875807383136080005692626653902957971341341562894689676807911268294453278551141953696249901812708693523409453665855604684970365227664773130183925610628658609249465307418941019747162431186201402152011057290264405075653528068356062907568844772498926081692928002413870417269371902901975120226964502068539272274532114098966935738435377706683990612426647336090302275262428812604191383415203838274608276651232896543544601249497023998518254144715022215973483051755143502737154889196874826518328362539653480600085768955615177077722837589830407524446440834380847271085950364841085491853723949882017579290262464915543341004713875485410685383139017570694731322677318647183315183916724785121614715546362020437341619669684531489148663608574947614149102458399293455054620030610769389954986495677969773106571516993852562416188238213278834682009620242527243902059104986625692856485194812487504704083913757464518837966931992455836716945867947839122310664407036645998509672372254997012555748982238456664763172014681361482587095043763085882496273121328456700210482339298894945105189472369530636382497028890827739964200840756710660636723353979470748821830606852224800868759761866423622759638308195508102727121408370471256113924807733827535503029614222213481814612142022776362272692734728613634823201851886476258923890495508145881352920519057187296248895984855630091077147055836980383537307003663061215955134782108167819399676590410092372737515828530218662370308020489168720408681082030420787588833095173174917703016995872510224768711931344180572975750735979843018708302654764536592995852856358293258920723428095410053582888199913507967652215998312767730584367192640636030885855863811185793398610298063811512551431061349792041197393573260822811605783328967573996508117305505156178494804982151051669776798197188541079187688332074368127670411407397547038230810025939789548590105965722456736073260711309243453477158519135790223350803683915445493530185427084943224638773858061157231894134728462585923793066037805013297093075969529623827749954609194629542678731419321775583958673361476140058966112658846050858529090092628349247780781315267231573439957438311187801751292541751088601088233406997196202179689438270244512430607343271608454755226437487180007094072831366401181399066894441389439589123409871155422897083329846528142444068174635306008357791046233352372570880690482242048665612287935059563325557404071205731267177247337325422118613815992492996909779344983819434676983722913492215966391657789947284186879657357908637157213939333766413447677142089213526903042753081570620413077437894307053441268006371171606275893963143084038794054956333217454890840018148110818063555249821622338956367399200157075796238132464369325012519579966027198656677775996031559755819890350696971998884623533335497105451915528510906921547509864363902090141741073676840115644735361875136552891388643894560530069585311157160865434677515888173041830616090858514240182878799578566942551424819650600029042220222872400504302631840094823946940812495468763719758115005723873060896614247964524549506286692787294954604297228867649065754283672511380914312835044951380449893463856084135439996528915349693490187456743057154838045950113087630395107892868705136514040865912705584250383422202146116522437449805105531649645613880430785846982107186565626047363706378176691959177807121870304661591748964587594691631755879476203434355194018588771535194620376642613611322351613774168586094087038620388817571168467029479817959530037510777671325260150764469769957061337917128211241082718424025373430969536244683314516590789972213972461264018228564592935203631485348428795437276558975832793877636772414875286886661131891383602858264264006419418206393161083139984564436283596560075772831439991256451422237062950238441779613366430231588423623015855964181365292209012727092888839564607125861775509228075301775116506112355919023325358070644234332713237778172462737503771106333794278700669677185168194078967093519721461913131831096330010834569120473446495979857958342494430054264819379417464065747018206782189737263893772987428406448391582740659312392960731773545143177003630209408580372688209598467248092896312556023546695957271568867896066595772164428111028660124141609401178788722893949307028146087824876144149783459406971271592770195493525385467499450639845657750583847218781466396100052002050794241355079062654017753397831390851874863233301262738010396543323528157050254428954986379772170038806151994716622442463912287019242374395936376070795164011846074996880655921349032951733494670133186775639458355331228116332053495894854647226286523713163777672986931709153571638672478095766889253747432962960738958046098119398470250770628858143297508492912743563893481136903686490854961378680685095741818548963296190675991508703687242497583374029176441701813145399244913096779282551130082481266710158313404769786566902423116828659422201306768683886263600362614038310518409733360480900218992158440275450600492135530452027982054316233264637656216176794687945577244009907151889760737092988633680628652680615454567282245098024325685405326044978659498745637132449736614761026147601627916023284528540016899405345750987341450150426884932360253481700080109908783587959551243474426675650317710023701480084544336376905997081792839286585314231270116672445726720834156666557646753024289668498871407266265959941135174450142142729171980215481094560045405557811124287739649910174908391207000423822404232579735450172591001000163855176969306122235252264113289618810537047337109009691256943428409959833706175631786337788854628646726628121462282336371407512062174746986078804441603479969935694594720663934396645584515451603528116035166189637394825504194920004301063596453637627407607744348182858215431205723389005176987163841949792495450695057403206233938817873595286455179141990719999093576924555609526259673042969744942506568207952055123776511931320531218209932915854292436316690299707470314970556279910303270106155036936774764610977522299778954489362488676612143135064526942156402734849365352240571859834557010722041138063673592567462213936826803935583629120320459154695505988503172181792522529189483191951867056052838624473852384238855638418212439241453671963493525542962639499321154708988552105839480654405863051275340293504745266670794053522440489122902602896773353407893197282901809216210206194060406270903368227046035009483436169144341367529213898395111170923689699308283022824067179971211128124992026351229873988131126724267922652695780632266861920004591046219456463643826389622571937370003464861183379698037679713951432380559705046605325249928442509760029185345001073833418304205488374797151200706713445871753951343726250815837427781756235476148432710525341950187695852208223172258295272654108745063793727266731231340694898263696487126588105705169472637941031548875454859427702668762414959662713970600376024517856257302889663457004055581567799775930990242194865840068534005384153424191186182344424537265483963481690258725868723307118451764364780785254756087760503204830871145288332777043875565478312636336743427291980273137470011021619319737190912207443840127631565243208812630323235705060568897718241487709220530456697920207684240959231819177106895358692974305367388132492985802463360303306202366912978632686351068757703330691083584385285440540113568314771508780089488810575577437335942164775766628247312843020424031258477662770328771293883999558032416171067179971180389556132658381870780386245565164340318347051066631858350466186555711026184938233369357985557258835675670260174517062443952300704922729664553183223272086866556776998990434395735431754161238723898222128520865933954736671227151330539462495353670618533319689517056038443827862188391632797453199702575793237306267192732950171368175368687660977029810800195211311600109398478736742845717966383914981437332064215938621955950667716087959308843521680829615637070576655843434083382391216412393208305935986663560766100524601101407619707755469614478622787318273769478782072650268685327544749856233676225800264381424610103377981077964877116246350733968610963362803144477572507899991445915627486781861161667160806323072500373869209892705381530631563661034122044083404536318125680994711650419432077841151612432631811056702128464508245113470955114118129304881580512310944084757551413057933272849701144055771774104300060915030379127900977468915032510545667430369359473887727770926546054203463566826910336407351683179256987224060047382957022186120520692115768840987015595905531985870634460364067624308884313501404988526247429266774488123834687641311354263440080997644125715917870054386993876847548480740480662609854390055573187588496434108923309306152263727578027521702244654886446266919370436225975196106706104405557979658445371239927624324602180431400091419600449516726778119142652229703146028078800054525722972465567870615706064862786376646069622562125197642337725108235691306267618312120701216680811337923323643202906958666157588392753316146698924627486647144532272572334049268872522541627105977951967124305172456482954442523698665970083491540518269318440130498018586798679468350431316167487830946261908622674882408016381013169287627658608695212268355671691880452697477849452828563995923790390443139078258073948331495589133047009221650271934677779141495755518036201475051143366854722528982669434107372761641752410222335754848023682775572639478253164401743751104867337769227147688904240941936723691049019067341404580047826591641242361379786285248535424934444635812547348572526699054851416121892200939223417598318404129571203002023030134308467282165737552813819421779176451756948313043545676873091384445931350753445550796099911319086746605506166705593091084003744337723873752118184651154224832784456973209751279488729934059002990160907070928403394269827480011762645614018167815784783546286424435307362027592639971032355026602358288980925060034958198697353658364822234470356836848801582498465530702762447929479335786512395426103422580439509557387811913783865508097233722784523876108290170174925530646881560009262465033391480869018322738195787172940640178593858861322144311876637040872281947652545054959211169758385549720847214689170601161220552777877676600486239728124871054132680724402206921999477514981256486690149497289144321706162279087222524477297262870749528561714941940651485888402866683395839478128570638875422580896986828829480094167143845063625717115450415707424510932596797219423352673568123912479658958997066773392612474396233312466218230370424545530171575950139872409083113588821964913846282429932384220671523972134858056177171769404629261580610281036946299228713864950171289186775108403150863266680341236202618817783241578884272223408005283381091094053670912802132896666089140648732323091024439105754809547334774257567129366598178386087616721022383023098563155948685560389304158479813947831869173561400751351143827838861354955766971893466087170274030287849654634034892993741875580791344698191757522407362134878619643826370914848064373868423916946287441580412881937387955730950608573260035135702497742012239734587990859861715921265997704070948091337453456093813355048152352982332567268836601182218994686915899386605125478367320618894314584866361055654637195246940816817667727146252497763137921532133599927956029466430163609265094188049462073701594844722764400184035606322293868525225279978754727594359443807588386629611248492179349623979802006461335055952128685076368541540051501532541447098036866550272565412576052891963116755315397889644675586157096636207070178082110797186568897287192420568924209295683329529619099307175175591806436373017780719549746668468805478568363182244792157490946101690277579913108308903156243914109370272793461029445634142799954057192349375539778852015491934413354598913970927824520664846177726649275996750304570714653724497195543570713744029507427281697515852100868381982367821691729955996729307289101018583001849590190985659775053878654977803965673162460137520477910115830045963180680058506945415605143082194589293004722271780028512876883746100805289182469029792797489578680607915806615566401893143900771391450945989516497756837450171387147258078992195499290182569691039970699405358071779149470467502567488160313215506242574786468565836183935568840568711196810473531110744268134776103874149545772365863947291507611029260602721921741960535396367563150767946909445992279875065719158249705079424334940114486261189699946134266383444097735496682150219263203800347065463026277106758948492495999500730681469498992765563939997649737278575818729816572591136832065498706131347723615062677959119856515858877615004156589816506542216722359187830713777346188631712387531143973271369822292857266444699945526070771807711769742008458446178876952058356652024759049956047232273650571356585804246195920972039667423865753869182551894236362829456522226486365332466414560879370792294097072430251526953769249873892822320903444782793161839144941713980413350945700845840048870176451968989597496764058436845828723395704420273996347136191899634640258213631699296104678553566476090144767432619829114589434955457346108632264788628850604994894575545124702043264985196266560121179970190364273510742947249782456233286733135072095926906394540575082170470797372205656438647737654586984806203888373773202804034316716258687972592408840994271283401242368245169464711432403118733061782770678883341144390256416436049856559728107619260391674316606216543034880999569287150427761569984059964609885761937435540247663161152250005839517151887588129365496350846840417162080929642840839528945299651198284705705071512666086104778897617761947263645265661533126141751307529444492199020409545575636874256554216597365155044995400022012136083003735659410378918698794844305474244969765836419791452529187834942475301760809305612697248709456984200116128143077641745632885393712849755402900298172485879479403733643773023054066333246902597051104546794880366406379515437308854660543199645762986079624821107491803543862945237504487046143079748815726236355350518904692989782163605074226065758524107916084667514997799101065418932592724590452192995799658484717787768108330214167600712619103048592884658569777087124955487457404609049810812251492266063365604854325979806029832514476832194417246188358308731185214648835323068839387050367175110372154073607972351094916319499042443839619205770289280793035969191224152173965313995418977479750124912201248144360618785820590771183082826895096030970514167497731265134503993174745853233741763893704078242878924437134792519355323931961440964428773671953420748475306826477385263264140212599656981458799648613975535459292308769963169082254328625999535931131384991232613644997313994082068314151936300071930534092774011273915078589020906193528943465133499025962275736093487107923826214853163408660654440943095535010607343003245968146702982813186256268260645630418065780769321336635169764144615394609600425076021982302902312100064072200700761618862382454537323383512684522714683865471077729969887232368446255569562176773729565606044279860614052071909267434035969720558647517615917944586479803827341752181466267815086965152151487332613081820794164289336691264981842117060930563350511983890863568975651019849442459567738691822697844056003255963766977800945694668996215583599375496524178218101031852745483555522156402590562599937056007030758813267482076899566005653746793252907908676525954022970469293841843905808001757767465623078546053918657612897459954454921697532408281269921655610719891670201166522204240113767465147966855907152372160867736389368840140017533634556410551042444992405147956332824126077739967858038422164265219278838870734262149302926504237508190245358126318190105636234583055333343860047645011191159888987954100810439738316240883177080621618705253302962203869340845965106877969074885207559579403575305140234459456896212336235315912604825911400877043180086287785413017016556677532682798762486883635614100720619591322816435507323145081485336640166953432016496872943105045600675396081916288151097742467711108887629256972727348259927687743728969227187268664766593555320096037072552184497044899273025368659849692651215898703844918361150479976141966572926662274817248148878053917914499364643040764518463406093288673658365417193515920446067340823316335821605441280421570871535313576047291033066890846312682618703713180179308993417558092907368263384124916456468675269914865341385066451868091612549671935191927315707940394773741682149020384174266765184218414112829626131756084255876073797091866865014933393501510938455769776855537620963191462746142531431164019878476391182571621977765737815649806225755495157063488951158065146840207513304013550366878257525016424270957418114807941158517313310603484268493606186539322155682278586610932063733547055932756448706694823568694801966052030007104363021483651089127561247627163909513228623960381555474183662585913543309523034000577820478733515026242340887471914436458099492261698208659114031104703977692533756277016432884353551334978666310912374141911696655908674396288547487443434379899493313143656304811462738858203865321567311770821607241344935969316851915887133073982032293851698981817026551573457191131542885182158639973521179239418126520208476393923977098323431231462890862820634722487304009740671066848914903352860610328467314692865034092609276399573548332527421562352970205204833445396445615140944381000694785397407323046297990493665055632614822915093684986738854121255450346458372467021765976315360949890990295060969175126609697721128703687029542428716150980017029493620858955385853609826761538766969842549497043190098551805449429320521754028678471823707580339422064614640418018525310872846399792820541216858462357441176482837383719328025518195878395094161523197137876510929794471178579848497664771041566623345701371730788426024454101084110647471655502698457863660964554826304187657658040554137396384632409786748158252012586079821416929862354855996846043539567703920958669793426246796945474671516212758290719339564676424706559865228630056265739271348333421381895518064452890213256952146128684615166259745797855795607592600457885973966206791835470856133338541448131196493413707380208940400490559188833881856251831301551763891481105542906929110126637007894286237473281371987416431589875478065289956992444692462835448684658870899404930610457668534489938659692004040139771530860437614815675408556669114493652726085166986315536822965209742851359338676117394817569384928838990007306162937787397514481293966664275527850978475648379575188695799522850357141098012099438513487108770669224970105578863490016360874066448569608526262522457548781072968213111104272997288428793762952614754233891370712206138208975995345327659776717884930329127397192410824397658322810961706500522064955291154716346016513626692758655097752604454680717183243084510013589725119487867631787292933307313606193724033030989569311120047124595674533414454160407309408395637499122014393971082663919342225620796623633357219216413474615074320385030838202516617177051949897992166692483369944421225074933462641084536880079471653113423059138677173146517867742275335988600778004056294401463457106688608325235131124260202031249555228174529986704300108276434780661732839165312354946992609515745897458177903386260046692646539577834470343148511624300939072844133615992365487717353613195250396302852106446353751714582407987211079426440858320645799260707487866331965007306747107225183802368617441282130762507192861265064646868165072173571760731814199363055177968758036590193085503659234815925203551193438211411260987877834608767623145299579557287067909916002947047043854599532549843237579378995730842356900524011941851417696513072589498007358420401486309154813736290675734286106558476485486866143637346620242695741981351996113213990773509967583669708382407564633461147515571133809865277095275036550196056583285366800384285613909736252682255804285381921346840890995486968949072859649925760059676246967547751095331229036896022980816086012886438126708092758109197901069828680085130359735769834407005294281342727378596242746703369900801936080491779281508358094894468648573283046949486834459953796569727349017128345186799477034618610722409670387698223563384909723989510682407683293129456340869243623263253555892064706811136085772768182170064541081527611574198947392893621293106271773797269865338472525067636709697686303271226104731698596006999570242307470717031113989715038155009950187093115213283152492555255634114980289124732493057886705609473809751523352416882078851874777021853577805260805239193984807413930836221181310228884845421051427203695945472186285347203736819420498874941957730782204947648693905251147630289292544391809511447381573802408946790393724619965588774104270715198614479162941613414213745745307480044459302260448689753532730658623038026766551794980865852769807184784043085758679650099692991298174035219583734323121048731986329645192041976767617631656169869568702568693566700702157496473600425561323553174395155895614597918966498424075751874423829750284773940525390233896849123031127063596696387985564778793212127017249669391574487519142977011636940584159622178341673985442154606156949665713776665015520890019536450527770738204867339424111078189420378981421723773561116222315785963730096309719146819080615151103253510193597152184740885144450194210316007635375573194742116167473026798653992592748633138912352024074407601729823155436934253180276331449546642240026698656190266965969579869992777917464047821702460873647883546279720912824481912677005752378319763722205818978722812778510233814602569457466378556792781512065932654329709727751381063841335166650796621130005104466866996896028833171701933533639745895818762586636584992303093263096470092822095100544909492775270076766936082727972345214804114025038366837862260216960679236490956796054307023761851715905590790743808973911576114305301222087833148502830164635768168543407233996381888152680302576328001346066972615626092696470820058662827653426915123514269966144619181065003241636303341939335094225237308580535820464533315893640063863609820560338958222205392242328210855310282125299736932374449452079180260153461009386352553660203044288772466120520771941753658385182570216570234929087230118197825737409878116630917387449598178085646773690912003279727011635864060388651883631245833938016989509610917445263427629155911081834014081330272643870813862438457031496290929433343675670768348641441961344902643145518189816279415999782637935175170121759743297638722578666513069514633974482132534634971676464264999315367256925888544386341460800577222172123827561315729282713366092152798660411704999744803704929311175263590505798194883053573152075400287832306460523174343841669472801037217168229450980612411602209089139266153874492643117649382977236472524493179194272709561720793593838055644200323332611560172962831174011114795484951809125887940225217987293157719860720446734154862012915417504322324266012762920299446739726460287454374606597474383956674276948838085052041766622671896086367109687835841563118745008475588615081821133097594117498630834993371257560392998037585994007991462675734099102175347307816504186049584320206891345933114611773231230722661284631547193220247054131835770338061582675614802903104567980333434222363847851737528007063610498207503084812875017215734888426837704225203390467604779171264027546264812674161738079435655810337264702338092259522073946615245906165231679488559597041936043750708460537427204636452498804182814152241788898846546340509650529155001712584559157746752272836810947555770823701297665185261238094954247769686160071889038104772469775178849978454179438398065043937951267593128389700371900602211592290065867206344203567543678488354889498980949000975984834321879814410034278031044806087571743297732338711730168069782094691829490826532112881198561617546237086574251152868770352221670725997359652671493410682344954355461892869818944004510617778331329812626187428983010037376561223699870190883347987472903794450880393212768425844651995514073507699530192596971030969354699224762382279113251595612683351110523082800967255694273157604317769672435381104973764544784753898647259973177279899003404532233580911547932196245862562560466227664110506328897411171404684088225020432321830762306518557212357640581969906217198806264365743167987897416173264299263804511069758671925874360928275903397630511794307966835271625567881843028678487173763314576603825244652721477765488957242172782216406387730100141354884734527182345051760495934752586229346664851406016980700239118015886651424008143690743792418080894768957314408295721337339650076198777757202872337022550949179242208236062613996808104212686439949506562121244009263560839656319668733455877741831240702224312378455840439978793080354844497859279375574322270793485804604924778869820572141084853039113135749157412831475523435192855236058555073352044691583492475647440904005468284949301623929981130582711946294302764927464518457329527415072205674328456089934358874325644818343010704042845661947940134113786719174908163338354169369855277032454548695274866830223894966131979633290507430514017399845287972546467318812157052933622997106118321284346548064516115586456762109867907211531304303946137639927438810999298582722329823065973302167958040235659369225560079927284395376471951665145922262834248589005419244105351649941239454871177754613138199164549627209534828879423363263827181430766913741086504372095212453481388078441510294008392839726540830322496296394273707164555412450359446084496072400731669619450504351886357233442539254690441009589855347129174377865638762725207920651329331591144423751703452408623200241071019368702564112062023952378015481568398297856833860753861122779597275966113878977311439394532265330338684383716535547298646923753788038129440415469253785898245152734121765767555416634405274623763137073673600442862770381832835730276828193896421016119985676189904462044109494254175576976508394348101789324310589721682058921152462121799579692621743963653932960362282273419062706575336652447327682733917751733970480745814248760092652459797979925392539797536327296849907583109444253538071019828667048819049854522922775924377465254304137957110122846548790855123902121910118234551000084922902928507455567635611638473606147073940804257798981034348172905978804171157328058021252991374162500941223796657127748567586286655312525145771715757005048865583968081872782500426780932020362181142782125840626020695869949904080629649997992655766749667023507041303238432365013419479794219829766317497018323196928284375480098599203012431391546775209507285865603191826005321217980698013150532123640895461778508350011959790498549425676436479343882380318576950723246097971691632986917427507452525331006617294740141706343888099746432783048148801754221267395819393799011024318616883027238085517599889444697555599439084794381586259122332663409103728275174700863061317796316891282956382716042972409323827300583546269342733206505444571251761879628784643059843623862614894006745224004738147706301331491735216858646196098871327391571443002448163211016462152201675544332734425602840667153239164037258595755613295277825047811129173145823553690358909859754711148747868037929341880163741649813061452454179600542147950431745943291525271896358696642259442787419891891118288621887015074320109491522226569917225280498628353810044664493261032964551117632739306198391349102445324005924154891956415456397507823396612689935216896413781431274112354049507661753429617535267539225241087726268273172301138834590066512454308954782508389800043150883221261690551559532100978202328987746037981550214337502924771312658581521956866331153379801996143626166466931104047534127571152083175361197690230681463781734909657067398076887690373716312356812578675926305619859926559670225336961181008415955470959352343985043543073247995173205007081399281679504872270922098668156141266597557559787273937417610323037996486129987118990233617925197078709317476233159170813789539317177520735467265090550415272086580202655732434477357914716713954345357650915652072285734466331445973848637818976637009540617968247355041314393396740451302337929470630159530863009565078902846877146019823019706624438514235978804247525405831689663190495045444744570256699903871900209390390857820084507361922002078962964068525226158891308742316048730748392674538278341168679658324497398025966735873497022810758769109631840096741257609055399668637586568937495043836829830484930815971054997777995884686006779048802430588819112924898140040739461515630256486514050978228175106610661469564885513422675152507336628330560003523652073210033075095905928418713426888980671895705869182751800998651885790124847419419514893342972594604020968040737307478274189794003386583263312335471613965126618412545132100033029635701531447289454442436008313413737402510837777721994629112861253325959792563545656631712795008890450018663147634572097436669594863558205939985201483226449913594813496808533136624636634124399043404389358589564412530795348516676940872148304616824102353221539932303410860007656609668574059047094859266839142819656356524191113780632263304161236188229977030143767991072692500519918366496513218853518999795059725154494128967652560424542396859087361175123566382635437072859397501477481527829128095212481530341552797928171385880760005219661708059643557956476098730278349346776747256875466958632121533848436514714005772339117281707756722863124766657956418877639006807049717222589320685085520883992600476911419179755705758407353753536361411142687220928911032643299788909030345867836014652313025351956859890679124706222241163631843320988528444448985416137354254312071610311467683056305142929126436447443706956196141409862717217572028703967289858096101780002074120018432366834635909782422806760991613456287005552139480669774696348985931007458664704199141413883014132680349998474993787336628783741422233707043482458883572668022046409824029133377535588427162329124625299661167427068754927065161293261231363201304098134544053883093327306445944519759520608930416946279225895185542128325370812461298910116988230389006083587071815452911546594131239654105159406641455050488867785472666958178420334184046259324201288640272254272854952151099435633083527287740169099413569422112897563312948218132026384560510275431654354519466594414114255741339932039645898867607817873818659960992666188294853531348851066651873845641111729084726884252721242974294106999399453053868859564601555010376687683286988851851454227630652901704273425238123236300481170193918758409899887075115135460118859603412103964557632704573799047591733148221191379649273529291070795652445085397426109382228118388371321687906911064831085087256180731214748616032587200607864195301347290052576100020645294059650885710756803773074227441897138172990747657852048187693156738929367956418358481904494779125372580259170749725046529388445405401147673137196018426477693024473082909434778323850982339419854461746854334241653382423351309814879512385441741159667510241058198519374111787227300115613945825925700336546044503183240069702739514715530159460243867964970105031612594188111892741842376395523394772805498604573727294233295648504499216088876024454104837285832452843372495569598356233914007977236739477828461920771349902972367559849277494231704735608969297832848415141607258583012032466356962523156824122904361779913844860059596846989964362073340821890348044370183031694100033249830704608731975853175224150206191667325051341016136282476230759430585694789501250757503122140431098865551550148585160933842629852406592820657569512717935871103750773963695585958465922106695587950931371301164265951761682231138848514448927702350350152604644503650536054614036285816917676010866790527996065519256969007932166442713517231298013724774594631222574712303555004549987377800816104932773033778098654980184075189024003142846261443879029053547882031592051995952843172429500121764135837011004551339358694556205261326223452034456154109400823237539413233687418916777323865636226971697750917212916583082165542642849875700251523288192843549139392396376931640885732102832880853418329798645173877433789840702524382562540167230761372545921137104032990832448835780039076996439654844606927401922166599295986099503290480959783220861352920652159248213682818492364359012976676147684973037606851582275947246614254944752300930911481587313647540366359005819426415094347936827118932850633439813094707546802562248375647122343278083495363713958905534488207038517517506036892693894321734133271660565942916561969774371163046170581578391233097106089029428000449272331256410654559022566603042374789210495436272619451661670073962675599047737593787359584613485299619143773313795130118694960722058018429259225275921769232062385408927438916459328784198184124492354068098607221791853780266842741230036522458373879387028500970152268431886892435756253825986716934092936926527537577289075599294298920664641316019673136336388319604540343698025549002894189210821423802886104366885354218462758516019885530857863525003592022366380001653210110991437442842699501800524129032909238978483584896359731946621913258651126548007022834552836731644049358428144737679754219951939525768116397966832045516047883634662196128168052214818100727716074671375973408134310898132592148536440753907205879532354590558549284972580840494645367691129186815643249021536586406183553192599793316592861436208837644781074796986580382165477441867709609797867692694795741236421209141997624829827661952384467664967889716145792458576356863130744401519295670477321351682030354479617276315714483934940646252381223736722463704186955549590515240292998680456180434132332952024257037452345435211255834665114943637924802265542340587671840977315053090703513672656935401910231826453183994290426621723512348822596937764723464725856981345081321079015089295183071423888994765982864319831955993513185229536441864524341550280107794015001368588381260553128974464095535578596495895076749014172382726794324100112834516375464783463168659317642725147085852072709483933874678018855208030683372466212553426831688056186820491913729611918398349129027056001050456829474136760695605016379233634914964278317878979862989376557342606505119187731949560979184215014416025578941456000730017969962995402165527116465460666833151650147256132588186964444236377138754697610079918854941737835149348553729661451818761307421485921066219818451580075024274400921160300549904955531514908733640972846440745602959047335977362791107873935065599282298993393273403486291893339142520599683967747865189676659994474603566035924780285540023120331376796903673307255803165999336718251794173084706342981998557568599066808819292292485605677284842342703921569402530850384310082225995407065436544694422867531865309427375140135097774669582965297051344338678664215826419403818366684763993785355250822809575892773036049797687659168939024783091383294878951691983749293882192250178740766344940171385081339702989135564366900807855925507968311267441725400365740197466386555634112828030603515745739829913662386215373785907923829312664720602933833126397769933535277651358416424318706332592977867036050462153033836872162110463738812785959597023054838081287294654534388496864075084444964885147485878244975816209719488342834090209640227648808387739227242803740979083646639206530440338531403843494137691451265246786371694116081168827082303462928304215300835900281597159395113069569237218878872212910116592744551152227026749235612512114158402204383380067027287159660678307404091441820487975567274205684006765504828006941250422211280426113042805365001971859665428897002967216102834511457517079473226856464714915258323770412627229287600368019812150066997810177625297159948868123401443099932516218826002337364758216879095887250193128584181503102171957340172409833921010621447409958647978277426101521337449890334479438186881560934306015398898880926646344185237505422000074922009764826783654298486192295150783672020672722535613157701374303230653998009638513904448289652161420372543157812810321598751856147784003598045138672158374678393014719361590466644961864091289645540069218021126611953453104744881923579097969017701764232984349083912376893368963475302121167138076882571459554812039846224143150705041844704052927180773183603136812139986253361353626934953463629794642561859141640745217531704193829560511807572040608890499856854635275428098975552568319454540084964450074492019714711934479869667609737733046473947079030210387412274902082038558092813029903708202518444309814674308434241170878277813278475733647231843863375212275379138508571443146509223883585373295040272915231100583758961087465603377125455268398981726548733464965423606226454608754072303203970168061290114236229063957346115332235892401793023566121887916280493002677440625574088963359628253571890747937889215316215910706767088902593068267315773079951240104120983170198175792496355013862929193316661980458389513091616639200793256697729753139867256821011692739678934494970653521216870563374633605832358235867657555014687497055896028598686837061653398112971389811819388411887277736158490220460106731637142750166450970012673757963546401247015971406998079684942446708263678136599368624738129541702891664451398146033070786998391802419517526707044785178648962291377255813831014961050395844346430747723134962613732479305768246547996516951186408931843526071761166377514420959284074955353597123805122228058681623209816867604038476173498749921453486624156076759603664010197942669920486477869720230758367090224602822713512576055864872441552518218680719221267943598718460684317336244444073639075553374586691529577304813254644481485350436725206198855126196888319356723315603255396280121190231523751491303486522523498143698020088121932389705033003877555070135153285856358841067818376572791949112409028472438907889664761038004450624311709111816946225978138627748893631352250107880086949022912389557895602799582830292332208643589954530126019811150345006057878508208848187971181575375885835562118323241705222402599971848344613012180812851351562192909132037721067975488465999465317415251279526330179508208791073358263278707573174769438470077867133160197895948546381782479496179039229343628562430524245197298343261195689003486865053365449630872629409947798013980742011657697566500191871820793887179638054436103698494589799217846594984907970373059891814340096614902139452983093913253202797204381064064046828419507186105294040205597409411071342204092337597163702094840631226800756504912505951242920345304097394134478310323312015957168296334815263723448218680403568750243906487989986450542065617250113812367667534957728521763521114501444272794321409809313154810698458193005369255708774432733338351496491355215417365565095902007331446280626527027850613778995554754736504262328614242802173178420173389094853056488833940738273569626394121894697253391621086381324952520937732836087039829018753488591491942667833612592935574009033339085538739615289242848714580377806536667415040162256330982073245722571037691145065668828249840767994508545331469401700483483437364178392346612370988915434664010122777985357745966889090767706330826323651938532584550214425777575522807299170054158086361600934782546584235963199165468881947341444518399823937960955725796735335165468723317158341238183646336393642070461535496956864783302944320540708677203288382289965529683782393129627729387725591234766553544626486209078865784861956952438776702031497685624465713817587710488589940983552015019012957117061857524677363477522989632046185550112656857588878423205977028921580278952940827830263330249858662515503566625187475309057521599301730997183863218548148199933579713658429070450676251160536322296091106482507487491360465146080822258498944671875085374784316709996835609536181513687905044194076093420325979075338259603437466062711713018685125867228861515414981467373008118748426018123526702172288272909149193468196822256979674667844456117344073946386910316509336420436181541365592443713626973804157097252164105487223158190318130048001023358794877621329993264635787901850501600547319411124434880918520905770643831794088309071209858621357324264493476454812259599416547964597378050391660482479292519115467212919875381574550049077634331143716946523418421719773685584164777778647732987971051483109834112666020090153244343865581863649598362629245189975502043975527479891055295935533003262456998417351623177615339904495222377242135672615264028911884303747198577024079015031802039915653191963608238465408392766896483674989642772475609245721305467615378196058666898215509616794697912360981595189907069314037530012212022181845452281414715048978462691606208767000400499266057765788943148311141829397380532777571529219205403130883726786461066444379504284675874222263282722029216991446828984087611487093218690852974245994102433580314931837593382860566092324122765947364119539402460823384557309036559692332477319401141199886787071025795326522608368326579931974843485117957037083757433222961524556873264093980922472894315740264668127173052625442786862435363807428333143013738499426490151882855747934981457556198270780515740446361879101643672573709935153966011400644281782148825206010887686036199565653996729778504710754690163774108776872307894317334099472374602382329252708123063340451560897437634102292167237851032737045510372889645298857628893170167574193046829414911503611572043480848135591995279771807528183801214849637269588009211757750339077686255993985088221208964026751298966764659981750690714744404535174409726382727442859423082801901682144823327142485756179213833211468998225713763686360106160518079388459883970270543257106996640918930924368086326656527146019207332652246320812328306037569907148211046415099291651091290338945154768669097699193315342444508697077504799357893495507679741403662585340093846050740984724040560693960434924569441975599301971095970498540555415334755866510618980363716130875540836472804966459520084681341620459191815628185986151389894546397193500768984167094147580866570972676114866980169435671175370457163684603628365228076642578175652700160607431341456156515818682064175142994884723533005268299699758275231821307588504775242524113855639938069284174440010956606754228555137050908933384790243032451123887598797964327916816015406991917720827659748394734420893883110389846162965573498433999511043166611018051380440311591861620049195326021041535114160278402431628590119952112897132879840185830676015396311640739637926374241571669328865120350651116516556420376478311099844215527409927253902153459124014186307966467491720283058207157961492349978598840955177783736368800401276720451544188167026173479000567847758653453238518172725068084876590415450519186179951399543591183328602427506086965782149640638041243094891585417769456163073576451309082498306878173927616991107371195131216952453401992624648205379866359659912405422006632698661694810685673430666034309770456940432005400619709142925575028729863223073970378207992893743306935513869574388612726288874220149837958343232895069019826937992199664082279343458493290662321984306094539067353458079403459089163492918492023633309857092177745362352698730893633609012695611244300587879507464041346766158546640904573872438733068878981061038298265510973227452578553680875855482462394991048572397798299962706119121089981033954723464371501039235166814456860189611083257829145183526278033415942943022458928908823616687468982004858109531892295441817524507708116935461273434556221846616273129416781540764322966861762584390123612370749164379901586511348967840850448819695834227613136058096555852746462889092964699911078188806672816909893759252684237582396179020280017435913952650368298288716197357810572043249501567225353673374079960933734091336498610822283302452452470093623004238257820210079986777262423437323683208028251300580882812443689303559420584035810511252719222981672917561393300115098063102884563792943110279757919055173027634790477486997618762627093711211628036507767237586260036449694708312706716238180746196512220497879193871265207530885940621102429759171009273794964949820423256500903811304245243423998805234217744550180559957263176389262146827326447255075258761166736613548893119318010914855316176533921722165013772065392691258232630151513584575272477227068743711617524650232673419297505807152825289530775254127998390181634752036558112414253061588304136056245582579726609047772550874197575684073026968488958619186420312762732274154615927146080194418755160030520293062212112759155759432437216946605140222131378689666144752735122002348391543488297221993957622307871635224376360866176139930477364575182742807941288777687731663001410894007665742417782977267985743659884142307169116386665857868001804528386942818228066219288492258111554885244067900751826289024730944571282061122101289038650155420467221605079908491604817444453801793628636631646261528775827982174926104236700803915824120871811343187015895223075490904347450857943984954027420914120405832743670401217911392036307987790091661439300442282932653292119420811984836591097642208754504401998167133554408956419070462729117514636614323334780487511060473177777609596624891903791064762959570567403954148447538167106536989184790380262029737899939396965548927829213942942793387794744432610860375763020404457014411617144839256934727545198199745855385914178688290460512662878391649745291978435362473763132586071712114443042685467553745974128741186504083822603898754727583653552403364716912170007329546425327767781066219080458126602144979596401919838604648613953147926518626458022981290400466712230697327492874793764595433465179238193473563338825672158111844339010394379174938966657896370075724230848381312695656418065689519760078635609527759208717025895787126924606419193637131315114429385732413117942939421395897069037816643778844749877781272059603835410297365668422221817647060544462694875912889665632758511325675411745402176961199541042884551238608268425996775904090752336179627955831293106795511773209799249670068545329708242300636645735719275350749871056244079478352656537165336081840817305247366240758394181106624732422730443766922316053816330431022114652502174212683396468081689475629238205995715131493929612420647378461176903073264570843700623151688418584711741996554635851908256538007765065321939435647289084109231107330347339792876158036141717772389045478956072311812538663837767245680231651763547688993311077534367547936422661989431901321321239252729116052584963005137162093765799123588483320020581427354094938667466546077847136556489840854850081272986760150625289257689863217423398689828980156798025608540493382490894929984904545508308566493551121089835159740465897257687999758940801514268442939363409106214823834580459413092167263942113167265963088261615051903927046262579846890441303765302312110997453043993296491010720433792590018281466968973816080967478011568673084266378689955971071621015405843283432724082870153858751112375638728539233761374186351269937974488150754587509054712236318951968171106769831008161992369218322138986418142495910084616774090837483134730157256773493812412957573687421503633213940374945916354086628747525346881851853838690446527386395030516706595415434757612351340503401473786307917712325892218203650339489244066300321719724689195991306318950649599545324359513222670911880237490046483515236757565034671266950731049055374679301904270173507363287532662534949710474829301658108359956099744287881639896143537770193640313373917096599309317717985927215762770388525682796288078476988027869485574229028082066726372137193808939835359190096390568059540281071922707222306997797679997093225022020646194368131614896792179324903166629568552616910097601937030102327392653534163517422797002176925628838505551090094609891355442785822399928599594852879938947549686631792689224357231909549758328524033313850142750519536974177708078981152217379758836006494692997065286600823029496707430670552287106383193394892464571933739401932912038535036144419089745000734754416769056371459048583977076506387362121537723542746780729589135765623888768409678824150164045531883276715627720044618403700637645778584550361531868475252970166485575417994201336329035435093981099058905630953228364133072670255223534004475178691095170013504901713031538662542759666608192890507624553469152478201220692368076994981692174960734609500835818485804863978218198640859714874898814482234738691376820167092341886742531811964080391019660069303728022332754037592605757721820589502523412437746575315168381376848281489557701412498889340033429699610406580913376315800141218834792705309911205265410303288898103279912718400443055292640321384949716540217877695684052201452059296158744217829021054212624923432216716083219706894608830828710451513065551657577222442102538566048992796782226508545938467020220930317186915723282642630648024939605114195857642043436703012257714541986451099360313174191386581858311980779170896180566452724248313598949523235037966695716550275067306921326735493791843413101840962609933994274007201250619270636284853651721428006648565441290716440697890336232297940654999832935680584885125055510920191855720136704000000000000000000000000000000000000000000000000000000000000000000000000000000000000000000000000000000000000000000000000000000000000000000000000000000000000000000000000000000000000000000000000000000000000000000000000000000000000000000000000000000000000000000000000000000000000000000000000000000000000000000000000000000000000000000000000000000000000000000000000000000000000000000000000000000000000000000000000000000000000000000000000000000000000000000000000000000000000000000000000000000000000000000000000000000000000000000000000000000000000000000000000000000000000000000000000000000000000000000000000000000000000000000000000000000000000000000000000000000000000000000000000000000000000000000000000000000000000000000000000000000000000000000000000000000000000000000000000000000000000000000000000000000000000000000000000000000000000000000000000000000000000000000000000000000000000000000000000000000000000000000000000000000000000000000000000000000000000000000000000000000000000000000000000000000000000000000000000000000000000000000000000000000000000000000000000000000000000000000000000000000000000000000000000000000000000000000000000000000000000000000000000000000000000000000000000000000000000000000000000000000000000000000000000000000000000000000000000000000000000000000000000000000000000000000000000000000000000000000000000000000000000000000000000000000000000000000000000000000000000000000000000000000000000000000000000000000000000000000000000000000000000000000000000000000000000000000000000000000000000000000000000000000000000000000000000000000000000000000000000000000000000000000000000000000000000000000000000000000000000000000000000000000000000000000000000000000000000000000000000000000000000000000000000000000000000000000000000000000000000000000000000000000000000000000000000000000000000000000000000000000000000000000000000000000000000000000000000000000000000000000000000000000000000000000000000000000000000000000000000000000000000000000000000000000000000000000000000000000000000000000000000000000000000000000000000000000000000000000000000000000000000000000000000000000000000000000000000000000000000000000000000000000000000000000000000000000000000000000000000000000000000000000000000000000000000000000000000000000000000000000000000000000000000000000000000000000000000000000000000000000000000000000000000000000000000000000000000000000000000000000000000000000000000000000000000000000000000000000000000000000000000000000000000000000000000000000000000000000000000000000000000000000000000000000000000000000000000000000000000000000000000000000000000000000000000000000000000000000000000000000000000000000000000000000000000000000000000000000000000000000000000000000000000000000000000000000000000000000000000000000000000000000000000000000000000000000000000000000000000000000000000000000000000000000000000000000000000000000000000000000000000000000000000000000000000000000000000000000000000000000000000000000000000000000000000000000000000000000000000000000000000000000000000000000000000000000000000000000000000000000000000000000000000000000000000000000000000000000000000000000000000000000000000000000000000000000000000000000000000000000000000000000000000000000000000000000000000000000000000000000000000000000000000000000000000000000000000000000000000000000000000000000000000000000000000000000000000000000000000000000000000000000000000000000000000000000000000000000000000000000000000000000000000000000000000000000000000000000000000000000000000000000000000000000000000000000000000000000000000000000000000000000000000000000000000000000000000000000000000000000000000000000000000000000000000000000000000000000000000000000000000000000000000000000000000000000000000000000000000000000000000000000000000000000000000000000000000000000000000000000000000000000000000000000000000000000000000000000000000000000000000000000000000000000000000000000000000000000000000000000000000000000000000000000000000000000000000000000000000000000000000000000000000000000000000000000000000000000000000000000000000000000000000000000000000000000000000000000000000000000000000000000000000000000000000000000000000000000000000000000000000000000000000000000000000000000000000000000000000000000000000000000000000000000000000000000000000000000000000000000000000000000000000000000000000000000000000000000000000000000000000000000000000000000000000000000000000000000000000000000000000000000000000000000000000000000000000000000000000000000000000000000000000000000000000000000000000000000000000000000000000000000000000000000000000000000000000000000000000000000000000000000000000000000000000000000000000000000000000000000000000000000000000000000000000000000000000000000000000000000000000000000000000000000000000000000000000000000000000000000000000000000000000000000000000000000000000000000000000000000000000000000000000000000000000000000000000000000000000000000000000000000000000000000000000000000000000000000000000000000000000000000000000000000000000000000000000000000000000000000000000000000000000000000000000000000000000000000000000000000000000000000000000000000000000000000000000000000000000000000000000000000000000000000000000000000000000000000000000000000000000000000000000000000000000000000000000000000000000000000000000000000000000000000000000000000000000000000000000000000000000000000000000000000000000000000000000000000000000000000000000000000000000000000000000000000000000000000000000000000000000000000000000000000000000000000000000000000000000000000000000000000000000000000000000000000000000000000000000000000000000000000000000000000000000000000000000000000000000000000000000000000000000000000000000000000000000000000000000000000000000000000000000000000000000000000000000000000000000000000000000000000000000000000000000000000000000000000000000000000000000000000000000000000000000000000000000000000000000000000000000000000000000000000000000000000000000000000000000000000000000000000000000000000000000000000000000000000000000000000000000000000000000000000000000000000000000000000000000000000000000000000000000000000000000000000000000000000000000000000000000000000000000000000000000000000000000000000000000000000000000000000000000000000000000000000000000000000000000000000000000000000000000000000000000000000000000000000000000000000000000000000000000000000000000000000000000000000000000000000000000000000000000000000000000000000000000000000000000000000000000000000000000000000000000000000000000000000000000000000000000000000000000000000000000000000000000000000000000000000000000000000000000000000000000000000000000000000000000000000000000000000000000000000000000000000000000000000000000000000000000000000000
* UtilsJUnit3Test: tearDown() method
* UtilsJUnit3Test: setUp() method
* UtilsJUnit3Test: test method 3 - testExpectedException()
* UtilsJUnit3Test: tearDown() method
* UtilsJUnit3Test: setUp() method
* UtilsJUnit3Test: test method 1 - testHelloWorld()
* UtilsJUnit3Test: tearDown() method
]]></system-out>
  <system-err><![CDATA[]]></system-err>
</testsuite>
